{"C:\\Users\\nasmi\\OneDrive\\Desktop\\se-2004-a\\challenges\\capstone\\arabic-vocabulary-builder-frontend\\postcss.config.js": {"path":"C:\\Users\\nasmi\\OneDrive\\Desktop\\se-2004-a\\challenges\\capstone\\arabic-vocabulary-builder-frontend\\postcss.config.js","all":true,"statementMap":{"0":{"start":{"line":1,"column":0},"end":{"line":1,"column":16}},"1":{"start":{"line":2,"column":0},"end":{"line":2,"column":12}},"2":{"start":{"line":3,"column":0},"end":{"line":3,"column":20}},"3":{"start":{"line":4,"column":0},"end":{"line":4,"column":21}},"4":{"start":{"line":5,"column":0},"end":{"line":5,"column":4}},"5":{"start":{"line":6,"column":0},"end":{"line":6,"column":1}}},"s":{"0":0,"1":0,"2":0,"3":0,"4":0,"5":0},"branchMap":{"0":{"type":"branch","line":1,"loc":{"start":{"line":1,"column":0},"end":{"line":6,"column":-11}},"locations":[{"start":{"line":1,"column":0},"end":{"line":6,"column":-11}}]}},"b":{"0":[0]},"fnMap":{"0":{"name":"(empty-report)","decl":{"start":{"line":1,"column":0},"end":{"line":6,"column":-11}},"loc":{"start":{"line":1,"column":0},"end":{"line":6,"column":-11}},"line":1}},"f":{"0":0}}
,"C:\\Users\\nasmi\\OneDrive\\Desktop\\se-2004-a\\challenges\\capstone\\arabic-vocabulary-builder-frontend\\tailwind.config.js": {"path":"C:\\Users\\nasmi\\OneDrive\\Desktop\\se-2004-a\\challenges\\capstone\\arabic-vocabulary-builder-frontend\\tailwind.config.js","all":true,"statementMap":{"0":{"start":{"line":1,"column":0},"end":{"line":1,"column":43}},"1":{"start":{"line":2,"column":0},"end":{"line":2,"column":16}},"2":{"start":{"line":3,"column":0},"end":{"line":3,"column":58}},"3":{"start":{"line":4,"column":0},"end":{"line":4,"column":10}},"4":{"start":{"line":5,"column":0},"end":{"line":5,"column":13}},"5":{"start":{"line":6,"column":0},"end":{"line":6,"column":15}},"6":{"start":{"line":7,"column":0},"end":{"line":7,"column":27}},"7":{"start":{"line":8,"column":0},"end":{"line":8,"column":29}},"8":{"start":{"line":9,"column":0},"end":{"line":9,"column":30}},"9":{"start":{"line":10,"column":0},"end":{"line":10,"column":30}},"10":{"start":{"line":11,"column":0},"end":{"line":11,"column":8}},"11":{"start":{"line":12,"column":0},"end":{"line":12,"column":6}},"12":{"start":{"line":13,"column":0},"end":{"line":13,"column":4}},"13":{"start":{"line":14,"column":0},"end":{"line":14,"column":14}},"14":{"start":{"line":15,"column":0},"end":{"line":15,"column":2}}},"s":{"0":0,"1":0,"2":0,"3":0,"4":0,"5":0,"6":0,"7":0,"8":0,"9":0,"10":0,"11":0,"12":0,"13":0,"14":0},"branchMap":{"0":{"type":"branch","line":1,"loc":{"start":{"line":1,"column":0},"end":{"line":15,"column":-13}},"locations":[{"start":{"line":1,"column":0},"end":{"line":15,"column":-13}}]}},"b":{"0":[0]},"fnMap":{"0":{"name":"(empty-report)","decl":{"start":{"line":1,"column":0},"end":{"line":15,"column":-13}},"loc":{"start":{"line":1,"column":0},"end":{"line":15,"column":-13}},"line":1}},"f":{"0":0}}
,"C:\\Users\\nasmi\\OneDrive\\Desktop\\se-2004-a\\challenges\\capstone\\arabic-vocabulary-builder-frontend\\src\\App.jsx": {"path":"C:\\Users\\nasmi\\OneDrive\\Desktop\\se-2004-a\\challenges\\capstone\\arabic-vocabulary-builder-frontend\\src\\App.jsx","all":false,"statementMap":{"0":{"start":{"line":1,"column":0},"end":{"line":1,"column":74}},"1":{"start":{"line":2,"column":0},"end":{"line":2,"column":44}},"2":{"start":{"line":3,"column":0},"end":{"line":3,"column":49}},"3":{"start":{"line":4,"column":0},"end":{"line":4,"column":47}},"4":{"start":{"line":5,"column":0},"end":{"line":5,"column":65}},"5":{"start":{"line":6,"column":0},"end":{"line":6,"column":41}},"6":{"start":{"line":7,"column":0},"end":{"line":7,"column":41}},"7":{"start":{"line":8,"column":0},"end":{"line":8,"column":32}},"8":{"start":{"line":9,"column":0},"end":{"line":9,"column":40}},"9":{"start":{"line":10,"column":0},"end":{"line":10,"column":38}},"10":{"start":{"line":11,"column":0},"end":{"line":11,"column":36}},"11":{"start":{"line":12,"column":0},"end":{"line":12,"column":0}},"12":{"start":{"line":13,"column":0},"end":{"line":13,"column":19}},"13":{"start":{"line":14,"column":0},"end":{"line":14,"column":54}},"14":{"start":{"line":15,"column":0},"end":{"line":15,"column":41}},"15":{"start":{"line":16,"column":0},"end":{"line":16,"column":0}},"16":{"start":{"line":17,"column":0},"end":{"line":17,"column":19}},"17":{"start":{"line":18,"column":0},"end":{"line":18,"column":50}},"18":{"start":{"line":19,"column":0},"end":{"line":19,"column":27}},"19":{"start":{"line":20,"column":0},"end":{"line":20,"column":9}},"20":{"start":{"line":21,"column":0},"end":{"line":21,"column":10}},"21":{"start":{"line":22,"column":0},"end":{"line":22,"column":12}},"22":{"start":{"line":23,"column":0},"end":{"line":23,"column":50}},"23":{"start":{"line":24,"column":0},"end":{"line":24,"column":72}},"24":{"start":{"line":25,"column":0},"end":{"line":25,"column":48}},"25":{"start":{"line":26,"column":0},"end":{"line":26,"column":18}},"26":{"start":{"line":27,"column":0},"end":{"line":27,"column":18}},"27":{"start":{"line":28,"column":0},"end":{"line":28,"column":28}},"28":{"start":{"line":29,"column":0},"end":{"line":29,"column":68}},"29":{"start":{"line":30,"column":0},"end":{"line":30,"column":14}},"30":{"start":{"line":31,"column":0},"end":{"line":31,"column":18}},"31":{"start":{"line":32,"column":0},"end":{"line":32,"column":27}},"32":{"start":{"line":33,"column":0},"end":{"line":33,"column":67}},"33":{"start":{"line":34,"column":0},"end":{"line":34,"column":14}},"34":{"start":{"line":35,"column":0},"end":{"line":35,"column":78}},"35":{"start":{"line":36,"column":0},"end":{"line":36,"column":49}},"36":{"start":{"line":37,"column":0},"end":{"line":37,"column":18}},"37":{"start":{"line":38,"column":0},"end":{"line":38,"column":32}},"38":{"start":{"line":39,"column":0},"end":{"line":39,"column":56}},"39":{"start":{"line":40,"column":0},"end":{"line":40,"column":14}},"40":{"start":{"line":41,"column":0},"end":{"line":41,"column":18}},"41":{"start":{"line":42,"column":0},"end":{"line":42,"column":30}},"42":{"start":{"line":43,"column":0},"end":{"line":43,"column":69}},"43":{"start":{"line":44,"column":0},"end":{"line":44,"column":14}},"44":{"start":{"line":45,"column":0},"end":{"line":45,"column":58}},"45":{"start":{"line":46,"column":0},"end":{"line":46,"column":19}},"46":{"start":{"line":47,"column":0},"end":{"line":47,"column":14}},"47":{"start":{"line":48,"column":0},"end":{"line":48,"column":18}},"48":{"start":{"line":49,"column":0},"end":{"line":49,"column":12}},"49":{"start":{"line":50,"column":0},"end":{"line":50,"column":13}},"50":{"start":{"line":51,"column":0},"end":{"line":51,"column":4}},"51":{"start":{"line":52,"column":0},"end":{"line":52,"column":2}},"52":{"start":{"line":53,"column":0},"end":{"line":53,"column":0}},"53":{"start":{"line":54,"column":0},"end":{"line":54,"column":19}}},"s":{"0":1,"1":1,"2":1,"3":1,"4":1,"5":1,"6":1,"7":1,"8":1,"9":1,"10":1,"11":1,"12":1,"13":7,"14":7,"15":7,"16":7,"17":7,"18":7,"19":7,"20":7,"21":7,"22":7,"23":7,"24":7,"25":7,"26":7,"27":7,"28":7,"29":7,"30":7,"31":7,"32":7,"33":7,"34":7,"35":7,"36":7,"37":7,"38":7,"39":7,"40":7,"41":7,"42":7,"43":7,"44":7,"45":7,"46":7,"47":7,"48":7,"49":7,"50":7,"51":7,"52":1,"53":1},"branchMap":{"0":{"type":"branch","line":13,"loc":{"start":{"line":13,"column":12},"end":{"line":52,"column":2}},"locations":[{"start":{"line":13,"column":12},"end":{"line":52,"column":2}}]},"1":{"type":"branch","line":17,"loc":{"start":{"line":17,"column":12},"end":{"line":20,"column":5}},"locations":[{"start":{"line":17,"column":12},"end":{"line":20,"column":5}}]}},"b":{"0":[7],"1":[7]},"fnMap":{"0":{"name":"App","decl":{"start":{"line":13,"column":12},"end":{"line":52,"column":2}},"loc":{"start":{"line":13,"column":12},"end":{"line":52,"column":2}},"line":13}},"f":{"0":7}}
,"C:\\Users\\nasmi\\OneDrive\\Desktop\\se-2004-a\\challenges\\capstone\\arabic-vocabulary-builder-frontend\\src\\main.jsx": {"path":"C:\\Users\\nasmi\\OneDrive\\Desktop\\se-2004-a\\challenges\\capstone\\arabic-vocabulary-builder-frontend\\src\\main.jsx","all":true,"statementMap":{"0":{"start":{"line":1,"column":0},"end":{"line":1,"column":25}},"1":{"start":{"line":2,"column":0},"end":{"line":2,"column":39}},"2":{"start":{"line":3,"column":0},"end":{"line":3,"column":27}},"3":{"start":{"line":4,"column":0},"end":{"line":4,"column":20}},"4":{"start":{"line":5,"column":0},"end":{"line":5,"column":0}},"5":{"start":{"line":6,"column":0},"end":{"line":6,"column":60}},"6":{"start":{"line":7,"column":0},"end":{"line":7,"column":20}},"7":{"start":{"line":8,"column":0},"end":{"line":8,"column":11}},"8":{"start":{"line":9,"column":0},"end":{"line":9,"column":22}},"9":{"start":{"line":10,"column":0},"end":{"line":10,"column":1}}},"s":{"0":0,"1":0,"2":0,"3":0,"4":0,"5":0,"6":0,"7":0,"8":0,"9":0},"branchMap":{"0":{"type":"branch","line":1,"loc":{"start":{"line":1,"column":234},"end":{"line":10,"column":1}},"locations":[{"start":{"line":1,"column":234},"end":{"line":10,"column":1}}]}},"b":{"0":[0]},"fnMap":{"0":{"name":"(empty-report)","decl":{"start":{"line":1,"column":234},"end":{"line":10,"column":1}},"loc":{"start":{"line":1,"column":234},"end":{"line":10,"column":1}},"line":1}},"f":{"0":0}}
,"C:\\Users\\nasmi\\OneDrive\\Desktop\\se-2004-a\\challenges\\capstone\\arabic-vocabulary-builder-frontend\\src\\components\\ArabicKeyboard.jsx": {"path":"C:\\Users\\nasmi\\OneDrive\\Desktop\\se-2004-a\\challenges\\capstone\\arabic-vocabulary-builder-frontend\\src\\components\\ArabicKeyboard.jsx","all":false,"statementMap":{"0":{"start":{"line":1,"column":0},"end":{"line":1,"column":35}},"1":{"start":{"line":2,"column":0},"end":{"line":2,"column":34}},"2":{"start":{"line":3,"column":0},"end":{"line":3,"column":0}},"3":{"start":{"line":4,"column":0},"end":{"line":4,"column":44}},"4":{"start":{"line":5,"column":0},"end":{"line":5,"column":25}},"5":{"start":{"line":6,"column":0},"end":{"line":6,"column":8}},"6":{"start":{"line":7,"column":0},"end":{"line":7,"column":8}},"7":{"start":{"line":8,"column":0},"end":{"line":8,"column":8}},"8":{"start":{"line":9,"column":0},"end":{"line":9,"column":8}},"9":{"start":{"line":10,"column":0},"end":{"line":10,"column":8}},"10":{"start":{"line":11,"column":0},"end":{"line":11,"column":8}},"11":{"start":{"line":12,"column":0},"end":{"line":12,"column":8}},"12":{"start":{"line":13,"column":0},"end":{"line":13,"column":8}},"13":{"start":{"line":14,"column":0},"end":{"line":14,"column":8}},"14":{"start":{"line":15,"column":0},"end":{"line":15,"column":8}},"15":{"start":{"line":16,"column":0},"end":{"line":16,"column":8}},"16":{"start":{"line":17,"column":0},"end":{"line":17,"column":8}},"17":{"start":{"line":18,"column":0},"end":{"line":18,"column":8}},"18":{"start":{"line":19,"column":0},"end":{"line":19,"column":8}},"19":{"start":{"line":20,"column":0},"end":{"line":20,"column":8}},"20":{"start":{"line":21,"column":0},"end":{"line":21,"column":8}},"21":{"start":{"line":22,"column":0},"end":{"line":22,"column":8}},"22":{"start":{"line":23,"column":0},"end":{"line":23,"column":8}},"23":{"start":{"line":24,"column":0},"end":{"line":24,"column":8}},"24":{"start":{"line":25,"column":0},"end":{"line":25,"column":8}},"25":{"start":{"line":26,"column":0},"end":{"line":26,"column":8}},"26":{"start":{"line":27,"column":0},"end":{"line":27,"column":8}},"27":{"start":{"line":28,"column":0},"end":{"line":28,"column":8}},"28":{"start":{"line":29,"column":0},"end":{"line":29,"column":8}},"29":{"start":{"line":30,"column":0},"end":{"line":30,"column":8}},"30":{"start":{"line":31,"column":0},"end":{"line":31,"column":8}},"31":{"start":{"line":32,"column":0},"end":{"line":32,"column":8}},"32":{"start":{"line":33,"column":0},"end":{"line":33,"column":8}},"33":{"start":{"line":34,"column":0},"end":{"line":34,"column":4}},"34":{"start":{"line":35,"column":0},"end":{"line":35,"column":0}},"35":{"start":{"line":36,"column":0},"end":{"line":36,"column":10}},"36":{"start":{"line":37,"column":0},"end":{"line":37,"column":37}},"37":{"start":{"line":38,"column":0},"end":{"line":38,"column":38}},"38":{"start":{"line":39,"column":0},"end":{"line":39,"column":15}},"39":{"start":{"line":40,"column":0},"end":{"line":40,"column":22}},"40":{"start":{"line":41,"column":0},"end":{"line":41,"column":31}},"41":{"start":{"line":42,"column":0},"end":{"line":42,"column":32}},"42":{"start":{"line":43,"column":0},"end":{"line":43,"column":31}},"43":{"start":{"line":44,"column":0},"end":{"line":44,"column":12}},"44":{"start":{"line":45,"column":0},"end":{"line":45,"column":32}},"45":{"start":{"line":46,"column":0},"end":{"line":46,"column":9}},"46":{"start":{"line":47,"column":0},"end":{"line":47,"column":18}},"47":{"start":{"line":48,"column":0},"end":{"line":48,"column":17}},"48":{"start":{"line":49,"column":0},"end":{"line":49,"column":9}},"49":{"start":{"line":50,"column":0},"end":{"line":50,"column":13}},"50":{"start":{"line":51,"column":0},"end":{"line":51,"column":29}},"51":{"start":{"line":52,"column":0},"end":{"line":52,"column":30}},"52":{"start":{"line":53,"column":0},"end":{"line":53,"column":31}},"53":{"start":{"line":54,"column":0},"end":{"line":54,"column":10}},"54":{"start":{"line":55,"column":0},"end":{"line":55,"column":41}},"55":{"start":{"line":56,"column":0},"end":{"line":56,"column":7}},"56":{"start":{"line":57,"column":0},"end":{"line":57,"column":9}},"57":{"start":{"line":58,"column":0},"end":{"line":58,"column":15}},"58":{"start":{"line":59,"column":0},"end":{"line":59,"column":10}},"59":{"start":{"line":60,"column":0},"end":{"line":60,"column":4}},"60":{"start":{"line":61,"column":0},"end":{"line":61,"column":2}},"61":{"start":{"line":62,"column":0},"end":{"line":62,"column":0}},"62":{"start":{"line":63,"column":0},"end":{"line":63,"column":28}},"63":{"start":{"line":64,"column":0},"end":{"line":64,"column":40}},"64":{"start":{"line":65,"column":0},"end":{"line":65,"column":2}},"65":{"start":{"line":66,"column":0},"end":{"line":66,"column":0}},"66":{"start":{"line":67,"column":0},"end":{"line":67,"column":30}}},"s":{"0":1,"1":1,"2":1,"3":1,"4":6,"5":6,"6":6,"7":6,"8":6,"9":6,"10":6,"11":6,"12":6,"13":6,"14":6,"15":6,"16":6,"17":6,"18":6,"19":6,"20":6,"21":6,"22":6,"23":6,"24":6,"25":6,"26":6,"27":6,"28":6,"29":6,"30":6,"31":6,"32":6,"33":6,"34":6,"35":6,"36":6,"37":6,"38":168,"39":168,"40":168,"41":1,"42":1,"43":1,"44":168,"45":168,"46":168,"47":168,"48":6,"49":6,"50":6,"51":1,"52":1,"53":1,"54":6,"55":6,"56":6,"57":6,"58":6,"59":6,"60":6,"61":1,"62":1,"63":1,"64":1,"65":1,"66":1},"branchMap":{"0":{"type":"branch","line":4,"loc":{"start":{"line":4,"column":23},"end":{"line":61,"column":2}},"locations":[{"start":{"line":4,"column":23},"end":{"line":61,"column":2}}]},"1":{"type":"branch","line":38,"loc":{"start":{"line":38,"column":25},"end":{"line":48,"column":17}},"locations":[{"start":{"line":38,"column":25},"end":{"line":48,"column":17}}]},"2":{"type":"branch","line":41,"loc":{"start":{"line":41,"column":23},"end":{"line":44,"column":12}},"locations":[{"start":{"line":41,"column":23},"end":{"line":44,"column":12}}]},"3":{"type":"branch","line":51,"loc":{"start":{"line":51,"column":21},"end":{"line":54,"column":10}},"locations":[{"start":{"line":51,"column":21},"end":{"line":54,"column":10}}]}},"b":{"0":[6],"1":[168],"2":[1],"3":[1]},"fnMap":{"0":{"name":"ArabicKeyboard","decl":{"start":{"line":4,"column":23},"end":{"line":61,"column":2}},"loc":{"start":{"line":4,"column":23},"end":{"line":61,"column":2}},"line":4},"1":{"name":"onMouseDown","decl":{"start":{"line":41,"column":23},"end":{"line":44,"column":12}},"loc":{"start":{"line":41,"column":23},"end":{"line":44,"column":12}},"line":41},"2":{"name":"onMouseDown","decl":{"start":{"line":51,"column":21},"end":{"line":54,"column":10}},"loc":{"start":{"line":51,"column":21},"end":{"line":54,"column":10}},"line":51}},"f":{"0":6,"1":1,"2":1}}
,"C:\\Users\\nasmi\\OneDrive\\Desktop\\se-2004-a\\challenges\\capstone\\arabic-vocabulary-builder-frontend\\src\\components\\Button.jsx": {"path":"C:\\Users\\nasmi\\OneDrive\\Desktop\\se-2004-a\\challenges\\capstone\\arabic-vocabulary-builder-frontend\\src\\components\\Button.jsx","all":false,"statementMap":{"0":{"start":{"line":1,"column":0},"end":{"line":1,"column":35}},"1":{"start":{"line":2,"column":0},"end":{"line":2,"column":0}},"2":{"start":{"line":3,"column":0},"end":{"line":3,"column":76}},"3":{"start":{"line":4,"column":0},"end":{"line":4,"column":10}},"4":{"start":{"line":5,"column":0},"end":{"line":5,"column":11}},"5":{"start":{"line":6,"column":0},"end":{"line":6,"column":17}},"6":{"start":{"line":7,"column":0},"end":{"line":7,"column":23}},"7":{"start":{"line":8,"column":0},"end":{"line":8,"column":203}},"8":{"start":{"line":9,"column":0},"end":{"line":9,"column":5}},"9":{"start":{"line":10,"column":0},"end":{"line":10,"column":16}},"10":{"start":{"line":11,"column":0},"end":{"line":11,"column":13}},"11":{"start":{"line":12,"column":0},"end":{"line":12,"column":4}},"12":{"start":{"line":13,"column":0},"end":{"line":13,"column":2}},"13":{"start":{"line":14,"column":0},"end":{"line":14,"column":0}},"14":{"start":{"line":15,"column":0},"end":{"line":15,"column":20}},"15":{"start":{"line":16,"column":0},"end":{"line":16,"column":38}},"16":{"start":{"line":17,"column":0},"end":{"line":17,"column":37}},"17":{"start":{"line":18,"column":0},"end":{"line":18,"column":25}},"18":{"start":{"line":19,"column":0},"end":{"line":19,"column":30}},"19":{"start":{"line":20,"column":0},"end":{"line":20,"column":2}},"20":{"start":{"line":21,"column":0},"end":{"line":21,"column":22}}},"s":{"0":1,"1":1,"2":1,"3":86,"4":86,"5":86,"6":86,"7":86,"8":86,"9":86,"10":86,"11":86,"12":86,"13":1,"14":1,"15":1,"16":1,"17":1,"18":1,"19":1,"20":1},"branchMap":{"0":{"type":"branch","line":3,"loc":{"start":{"line":3,"column":15},"end":{"line":13,"column":2}},"locations":[{"start":{"line":3,"column":15},"end":{"line":13,"column":2}}]}},"b":{"0":[86]},"fnMap":{"0":{"name":"Button","decl":{"start":{"line":3,"column":15},"end":{"line":13,"column":2}},"loc":{"start":{"line":3,"column":15},"end":{"line":13,"column":2}},"line":3}},"f":{"0":86}}
,"C:\\Users\\nasmi\\OneDrive\\Desktop\\se-2004-a\\challenges\\capstone\\arabic-vocabulary-builder-frontend\\src\\components\\ChangePasswordForm.jsx": {"path":"C:\\Users\\nasmi\\OneDrive\\Desktop\\se-2004-a\\challenges\\capstone\\arabic-vocabulary-builder-frontend\\src\\components\\ChangePasswordForm.jsx","all":false,"statementMap":{"0":{"start":{"line":1,"column":0},"end":{"line":1,"column":33}},"1":{"start":{"line":2,"column":0},"end":{"line":2,"column":47}},"2":{"start":{"line":3,"column":0},"end":{"line":3,"column":57}},"3":{"start":{"line":4,"column":0},"end":{"line":4,"column":0}},"4":{"start":{"line":5,"column":0},"end":{"line":5,"column":38}},"5":{"start":{"line":6,"column":0},"end":{"line":6,"column":30}},"6":{"start":{"line":7,"column":0},"end":{"line":7,"column":0}},"7":{"start":{"line":8,"column":0},"end":{"line":8,"column":34}},"8":{"start":{"line":9,"column":0},"end":{"line":9,"column":44}},"9":{"start":{"line":10,"column":0},"end":{"line":10,"column":14}},"10":{"start":{"line":11,"column":0},"end":{"line":11,"column":20}},"11":{"start":{"line":12,"column":0},"end":{"line":12,"column":20}},"12":{"start":{"line":13,"column":0},"end":{"line":13,"column":24}},"13":{"start":{"line":14,"column":0},"end":{"line":14,"column":5}},"14":{"start":{"line":15,"column":0},"end":{"line":15,"column":43}},"15":{"start":{"line":16,"column":0},"end":{"line":16,"column":59}},"16":{"start":{"line":17,"column":0},"end":{"line":17,"column":33}},"17":{"start":{"line":18,"column":0},"end":{"line":18,"column":0}},"18":{"start":{"line":19,"column":0},"end":{"line":19,"column":31}},"19":{"start":{"line":20,"column":0},"end":{"line":20,"column":66}},"20":{"start":{"line":21,"column":0},"end":{"line":21,"column":50}},"21":{"start":{"line":22,"column":0},"end":{"line":22,"column":4}},"22":{"start":{"line":23,"column":0},"end":{"line":23,"column":0}},"23":{"start":{"line":24,"column":0},"end":{"line":24,"column":26}},"24":{"start":{"line":25,"column":0},"end":{"line":25,"column":25}},"25":{"start":{"line":26,"column":0},"end":{"line":26,"column":26}},"26":{"start":{"line":27,"column":0},"end":{"line":27,"column":45}},"27":{"start":{"line":28,"column":0},"end":{"line":28,"column":54}},"28":{"start":{"line":29,"column":0},"end":{"line":29,"column":44}},"29":{"start":{"line":30,"column":0},"end":{"line":30,"column":5}},"30":{"start":{"line":31,"column":0},"end":{"line":31,"column":32}},"31":{"start":{"line":32,"column":0},"end":{"line":32,"column":58}},"32":{"start":{"line":33,"column":0},"end":{"line":33,"column":5}},"33":{"start":{"line":34,"column":0},"end":{"line":34,"column":32}},"34":{"start":{"line":35,"column":0},"end":{"line":35,"column":58}},"35":{"start":{"line":36,"column":0},"end":{"line":36,"column":49}},"36":{"start":{"line":37,"column":0},"end":{"line":37,"column":77}},"37":{"start":{"line":38,"column":0},"end":{"line":38,"column":5}},"38":{"start":{"line":39,"column":0},"end":{"line":39,"column":60}},"39":{"start":{"line":40,"column":0},"end":{"line":40,"column":60}},"40":{"start":{"line":41,"column":0},"end":{"line":41,"column":5}},"41":{"start":{"line":42,"column":0},"end":{"line":42,"column":21}},"42":{"start":{"line":43,"column":0},"end":{"line":43,"column":4}},"43":{"start":{"line":44,"column":0},"end":{"line":44,"column":0}},"44":{"start":{"line":45,"column":0},"end":{"line":45,"column":37}},"45":{"start":{"line":46,"column":0},"end":{"line":46,"column":23}},"46":{"start":{"line":47,"column":0},"end":{"line":47,"column":33}},"47":{"start":{"line":48,"column":0},"end":{"line":48,"column":44}},"48":{"start":{"line":49,"column":0},"end":{"line":49,"column":27}},"49":{"start":{"line":50,"column":0},"end":{"line":50,"column":12}},"50":{"start":{"line":51,"column":0},"end":{"line":51,"column":11}},"51":{"start":{"line":52,"column":0},"end":{"line":52,"column":39}},"52":{"start":{"line":53,"column":0},"end":{"line":53,"column":22}},"53":{"start":{"line":54,"column":0},"end":{"line":54,"column":26}},"54":{"start":{"line":55,"column":0},"end":{"line":55,"column":66}},"55":{"start":{"line":56,"column":0},"end":{"line":56,"column":10}},"56":{"start":{"line":57,"column":0},"end":{"line":57,"column":26}},"57":{"start":{"line":58,"column":0},"end":{"line":58,"column":29}},"58":{"start":{"line":59,"column":0},"end":{"line":59,"column":17}},"59":{"start":{"line":60,"column":0},"end":{"line":60,"column":23}},"60":{"start":{"line":61,"column":0},"end":{"line":61,"column":30}},"61":{"start":{"line":62,"column":0},"end":{"line":62,"column":43}},"62":{"start":{"line":63,"column":0},"end":{"line":63,"column":7}},"63":{"start":{"line":64,"column":0},"end":{"line":64,"column":5}},"64":{"start":{"line":65,"column":0},"end":{"line":65,"column":4}},"65":{"start":{"line":66,"column":0},"end":{"line":66,"column":0}},"66":{"start":{"line":67,"column":0},"end":{"line":67,"column":10}},"67":{"start":{"line":68,"column":0},"end":{"line":68,"column":30}},"68":{"start":{"line":69,"column":0},"end":{"line":69,"column":11}},"69":{"start":{"line":70,"column":0},"end":{"line":70,"column":31}},"70":{"start":{"line":71,"column":0},"end":{"line":71,"column":70}},"71":{"start":{"line":72,"column":0},"end":{"line":72,"column":7}},"72":{"start":{"line":73,"column":0},"end":{"line":73,"column":19}},"73":{"start":{"line":74,"column":0},"end":{"line":74,"column":23}},"74":{"start":{"line":75,"column":0},"end":{"line":75,"column":22}},"75":{"start":{"line":76,"column":0},"end":{"line":76,"column":22}},"76":{"start":{"line":77,"column":0},"end":{"line":77,"column":32}},"77":{"start":{"line":78,"column":0},"end":{"line":78,"column":33}},"78":{"start":{"line":79,"column":0},"end":{"line":79,"column":30}},"79":{"start":{"line":80,"column":0},"end":{"line":80,"column":40}},"80":{"start":{"line":81,"column":0},"end":{"line":81,"column":10}},"81":{"start":{"line":82,"column":0},"end":{"line":82,"column":19}},"82":{"start":{"line":83,"column":0},"end":{"line":83,"column":30}},"83":{"start":{"line":84,"column":0},"end":{"line":84,"column":25}},"84":{"start":{"line":85,"column":0},"end":{"line":85,"column":28}},"85":{"start":{"line":86,"column":0},"end":{"line":86,"column":38}},"86":{"start":{"line":87,"column":0},"end":{"line":87,"column":33}},"87":{"start":{"line":88,"column":0},"end":{"line":88,"column":36}},"88":{"start":{"line":89,"column":0},"end":{"line":89,"column":47}},"89":{"start":{"line":90,"column":0},"end":{"line":90,"column":10}},"90":{"start":{"line":91,"column":0},"end":{"line":91,"column":19}},"91":{"start":{"line":92,"column":0},"end":{"line":92,"column":30}},"92":{"start":{"line":93,"column":0},"end":{"line":93,"column":25}},"93":{"start":{"line":94,"column":0},"end":{"line":94,"column":28}},"94":{"start":{"line":95,"column":0},"end":{"line":95,"column":38}},"95":{"start":{"line":96,"column":0},"end":{"line":96,"column":33}},"96":{"start":{"line":97,"column":0},"end":{"line":97,"column":36}},"97":{"start":{"line":98,"column":0},"end":{"line":98,"column":47}},"98":{"start":{"line":99,"column":0},"end":{"line":99,"column":10}},"99":{"start":{"line":100,"column":0},"end":{"line":100,"column":19}},"100":{"start":{"line":101,"column":0},"end":{"line":101,"column":38}},"101":{"start":{"line":102,"column":0},"end":{"line":102,"column":25}},"102":{"start":{"line":103,"column":0},"end":{"line":103,"column":32}},"103":{"start":{"line":104,"column":0},"end":{"line":104,"column":42}},"104":{"start":{"line":105,"column":0},"end":{"line":105,"column":33}},"105":{"start":{"line":106,"column":0},"end":{"line":106,"column":40}},"106":{"start":{"line":107,"column":0},"end":{"line":107,"column":49}},"107":{"start":{"line":108,"column":0},"end":{"line":108,"column":10}},"108":{"start":{"line":109,"column":0},"end":{"line":109,"column":73}},"109":{"start":{"line":110,"column":0},"end":{"line":110,"column":25}},"110":{"start":{"line":111,"column":0},"end":{"line":111,"column":17}},"111":{"start":{"line":112,"column":0},"end":{"line":112,"column":25}},"112":{"start":{"line":113,"column":0},"end":{"line":113,"column":68}},"113":{"start":{"line":114,"column":0},"end":{"line":114,"column":10}},"114":{"start":{"line":115,"column":0},"end":{"line":115,"column":28}},"115":{"start":{"line":116,"column":0},"end":{"line":116,"column":73}},"116":{"start":{"line":117,"column":0},"end":{"line":117,"column":10}},"117":{"start":{"line":118,"column":0},"end":{"line":118,"column":13}},"118":{"start":{"line":119,"column":0},"end":{"line":119,"column":10}},"119":{"start":{"line":120,"column":0},"end":{"line":120,"column":4}},"120":{"start":{"line":121,"column":0},"end":{"line":121,"column":2}},"121":{"start":{"line":122,"column":0},"end":{"line":122,"column":0}},"122":{"start":{"line":123,"column":0},"end":{"line":123,"column":0}},"123":{"start":{"line":124,"column":0},"end":{"line":124,"column":34}}},"s":{"0":1,"1":1,"2":1,"3":1,"4":1,"5":1,"6":1,"7":1,"8":20,"9":20,"10":20,"11":20,"12":20,"13":20,"14":20,"15":20,"16":20,"17":20,"18":20,"19":12,"20":12,"21":12,"22":20,"23":20,"24":4,"25":4,"26":1,"27":4,"28":0,"29":0,"30":4,"31":1,"32":1,"33":4,"34":1,"35":4,"36":0,"37":0,"38":4,"39":1,"40":1,"41":4,"42":4,"43":20,"44":20,"45":4,"46":4,"47":4,"48":2,"49":2,"50":2,"51":2,"52":1,"53":1,"54":1,"55":1,"56":1,"57":1,"58":1,"59":1,"60":1,"61":1,"62":1,"63":2,"64":4,"65":20,"66":20,"67":20,"68":20,"69":20,"70":20,"71":20,"72":20,"73":20,"74":20,"75":20,"76":20,"77":20,"78":20,"79":20,"80":20,"81":20,"82":20,"83":20,"84":20,"85":20,"86":20,"87":20,"88":20,"89":20,"90":20,"91":20,"92":20,"93":20,"94":20,"95":20,"96":20,"97":20,"98":20,"99":20,"100":20,"101":20,"102":20,"103":20,"104":20,"105":20,"106":20,"107":20,"108":20,"109":20,"110":20,"111":20,"112":1,"113":20,"114":20,"115":1,"116":20,"117":20,"118":20,"119":20,"120":20,"121":1,"122":1,"123":1},"branchMap":{"0":{"type":"branch","line":8,"loc":{"start":{"line":8,"column":27},"end":{"line":121,"column":2}},"locations":[{"start":{"line":8,"column":27},"end":{"line":121,"column":2}}]},"1":{"type":"branch","line":112,"loc":{"start":{"line":112,"column":16},"end":{"line":113,"column":68}},"locations":[{"start":{"line":112,"column":16},"end":{"line":113,"column":68}}]},"2":{"type":"branch","line":115,"loc":{"start":{"line":115,"column":9},"end":{"line":116,"column":73}},"locations":[{"start":{"line":115,"column":9},"end":{"line":116,"column":73}}]},"3":{"type":"branch","line":19,"loc":{"start":{"line":19,"column":23},"end":{"line":22,"column":4}},"locations":[{"start":{"line":19,"column":23},"end":{"line":22,"column":4}}]},"4":{"type":"branch","line":24,"loc":{"start":{"line":24,"column":19},"end":{"line":43,"column":4}},"locations":[{"start":{"line":24,"column":19},"end":{"line":43,"column":4}}]},"5":{"type":"branch","line":26,"loc":{"start":{"line":26,"column":25},"end":{"line":28,"column":15}},"locations":[{"start":{"line":26,"column":25},"end":{"line":28,"column":15}}]},"6":{"type":"branch","line":28,"loc":{"start":{"line":28,"column":4},"end":{"line":30,"column":5}},"locations":[{"start":{"line":28,"column":4},"end":{"line":30,"column":5}}]},"7":{"type":"branch","line":28,"loc":{"start":{"line":28,"column":53},"end":{"line":30,"column":5}},"locations":[{"start":{"line":28,"column":53},"end":{"line":30,"column":5}}]},"8":{"type":"branch","line":31,"loc":{"start":{"line":31,"column":31},"end":{"line":33,"column":5}},"locations":[{"start":{"line":31,"column":31},"end":{"line":33,"column":5}}]},"9":{"type":"branch","line":34,"loc":{"start":{"line":34,"column":31},"end":{"line":36,"column":15}},"locations":[{"start":{"line":34,"column":31},"end":{"line":36,"column":15}}]},"10":{"type":"branch","line":36,"loc":{"start":{"line":36,"column":4},"end":{"line":38,"column":5}},"locations":[{"start":{"line":36,"column":4},"end":{"line":38,"column":5}}]},"11":{"type":"branch","line":36,"loc":{"start":{"line":36,"column":48},"end":{"line":38,"column":5}},"locations":[{"start":{"line":36,"column":48},"end":{"line":38,"column":5}}]},"12":{"type":"branch","line":39,"loc":{"start":{"line":39,"column":59},"end":{"line":41,"column":5}},"locations":[{"start":{"line":39,"column":59},"end":{"line":41,"column":5}}]},"13":{"type":"branch","line":45,"loc":{"start":{"line":45,"column":23},"end":{"line":65,"column":4}},"locations":[{"start":{"line":45,"column":23},"end":{"line":65,"column":4}}]},"14":{"type":"branch","line":48,"loc":{"start":{"line":48,"column":43},"end":{"line":64,"column":5}},"locations":[{"start":{"line":48,"column":43},"end":{"line":64,"column":5}}]},"15":{"type":"branch","line":52,"loc":{"start":{"line":52,"column":37},"end":{"line":63,"column":7}},"locations":[{"start":{"line":52,"column":37},"end":{"line":63,"column":7}}]},"16":{"type":"branch","line":57,"loc":{"start":{"line":57,"column":19},"end":{"line":59,"column":11}},"locations":[{"start":{"line":57,"column":19},"end":{"line":59,"column":11}}]},"17":{"type":"branch","line":109,"loc":{"start":{"line":109,"column":63},"end":{"line":109,"column":73}},"locations":[{"start":{"line":109,"column":63},"end":{"line":109,"column":73}}]}},"b":{"0":[20],"1":[1],"2":[1],"3":[12],"4":[4],"5":[1],"6":[3],"7":[0],"8":[1],"9":[1],"10":[3],"11":[0],"12":[1],"13":[4],"14":[2],"15":[1],"16":[1],"17":[4]},"fnMap":{"0":{"name":"ChangePasswordForm","decl":{"start":{"line":8,"column":27},"end":{"line":121,"column":2}},"loc":{"start":{"line":8,"column":27},"end":{"line":121,"column":2}},"line":8},"1":{"name":"handleChange","decl":{"start":{"line":19,"column":23},"end":{"line":22,"column":4}},"loc":{"start":{"line":19,"column":23},"end":{"line":22,"column":4}},"line":19},"2":{"name":"validate","decl":{"start":{"line":24,"column":19},"end":{"line":43,"column":4}},"loc":{"start":{"line":24,"column":19},"end":{"line":43,"column":4}},"line":24},"3":{"name":"handleSubmit","decl":{"start":{"line":45,"column":23},"end":{"line":65,"column":4}},"loc":{"start":{"line":45,"column":23},"end":{"line":65,"column":4}},"line":45},"4":{"name":"onClick","decl":{"start":{"line":109,"column":63},"end":{"line":109,"column":73}},"loc":{"start":{"line":109,"column":63},"end":{"line":109,"column":73}},"line":109}},"f":{"0":20,"1":12,"2":4,"3":4,"4":4}}
,"C:\\Users\\nasmi\\OneDrive\\Desktop\\se-2004-a\\challenges\\capstone\\arabic-vocabulary-builder-frontend\\src\\components\\EasyTest.jsx": {"path":"C:\\Users\\nasmi\\OneDrive\\Desktop\\se-2004-a\\challenges\\capstone\\arabic-vocabulary-builder-frontend\\src\\components\\EasyTest.jsx","all":false,"statementMap":{"0":{"start":{"line":1,"column":0},"end":{"line":1,"column":44}},"1":{"start":{"line":2,"column":0},"end":{"line":2,"column":35}},"2":{"start":{"line":3,"column":0},"end":{"line":3,"column":57}},"3":{"start":{"line":4,"column":0},"end":{"line":4,"column":0}},"4":{"start":{"line":5,"column":0},"end":{"line":5,"column":37}},"5":{"start":{"line":6,"column":0},"end":{"line":6,"column":49}},"6":{"start":{"line":7,"column":0},"end":{"line":7,"column":45}},"7":{"start":{"line":8,"column":0},"end":{"line":8,"column":59}},"8":{"start":{"line":9,"column":0},"end":{"line":9,"column":47}},"9":{"start":{"line":10,"column":0},"end":{"line":10,"column":43}},"10":{"start":{"line":11,"column":0},"end":{"line":11,"column":0}},"11":{"start":{"line":12,"column":0},"end":{"line":12,"column":19}},"12":{"start":{"line":13,"column":0},"end":{"line":13,"column":20}},"13":{"start":{"line":14,"column":0},"end":{"line":14,"column":9}},"14":{"start":{"line":15,"column":0},"end":{"line":15,"column":0}},"15":{"start":{"line":16,"column":0},"end":{"line":16,"column":37}},"16":{"start":{"line":17,"column":0},"end":{"line":17,"column":9}},"17":{"start":{"line":18,"column":0},"end":{"line":18,"column":43}},"18":{"start":{"line":19,"column":0},"end":{"line":19,"column":21}},"19":{"start":{"line":20,"column":0},"end":{"line":20,"column":10}},"20":{"start":{"line":21,"column":0},"end":{"line":21,"column":69}},"21":{"start":{"line":22,"column":0},"end":{"line":22,"column":51}},"22":{"start":{"line":23,"column":0},"end":{"line":23,"column":0}},"23":{"start":{"line":24,"column":0},"end":{"line":24,"column":30}},"24":{"start":{"line":25,"column":0},"end":{"line":25,"column":64}},"25":{"start":{"line":26,"column":0},"end":{"line":26,"column":26}},"26":{"start":{"line":27,"column":0},"end":{"line":27,"column":21}},"27":{"start":{"line":28,"column":0},"end":{"line":28,"column":63}},"28":{"start":{"line":29,"column":0},"end":{"line":29,"column":24}},"29":{"start":{"line":30,"column":0},"end":{"line":30,"column":21}},"30":{"start":{"line":31,"column":0},"end":{"line":31,"column":5}},"31":{"start":{"line":32,"column":0},"end":{"line":32,"column":4}},"32":{"start":{"line":33,"column":0},"end":{"line":33,"column":0}},"33":{"start":{"line":34,"column":0},"end":{"line":34,"column":53}},"34":{"start":{"line":35,"column":0},"end":{"line":35,"column":41}},"35":{"start":{"line":36,"column":0},"end":{"line":36,"column":32}},"36":{"start":{"line":37,"column":0},"end":{"line":37,"column":24}},"37":{"start":{"line":38,"column":0},"end":{"line":38,"column":68}},"38":{"start":{"line":39,"column":0},"end":{"line":39,"column":42}},"39":{"start":{"line":40,"column":0},"end":{"line":40,"column":33}},"40":{"start":{"line":41,"column":0},"end":{"line":41,"column":7}},"41":{"start":{"line":42,"column":0},"end":{"line":42,"column":5}},"42":{"start":{"line":43,"column":0},"end":{"line":43,"column":51}},"43":{"start":{"line":44,"column":0},"end":{"line":44,"column":4}},"44":{"start":{"line":45,"column":0},"end":{"line":45,"column":0}},"45":{"start":{"line":46,"column":0},"end":{"line":46,"column":42}},"46":{"start":{"line":47,"column":0},"end":{"line":47,"column":30}},"47":{"start":{"line":48,"column":0},"end":{"line":48,"column":75}},"48":{"start":{"line":49,"column":0},"end":{"line":49,"column":22}},"49":{"start":{"line":50,"column":0},"end":{"line":50,"column":22}},"50":{"start":{"line":51,"column":0},"end":{"line":51,"column":28}},"51":{"start":{"line":52,"column":0},"end":{"line":52,"column":22}},"52":{"start":{"line":53,"column":0},"end":{"line":53,"column":13}},"53":{"start":{"line":54,"column":0},"end":{"line":54,"column":4}},"54":{"start":{"line":55,"column":0},"end":{"line":55,"column":0}},"55":{"start":{"line":56,"column":0},"end":{"line":56,"column":10}},"56":{"start":{"line":57,"column":0},"end":{"line":57,"column":74}},"57":{"start":{"line":58,"column":0},"end":{"line":58,"column":56}},"58":{"start":{"line":59,"column":0},"end":{"line":59,"column":19}},"59":{"start":{"line":60,"column":0},"end":{"line":60,"column":75}},"60":{"start":{"line":61,"column":0},"end":{"line":61,"column":66}},"61":{"start":{"line":62,"column":0},"end":{"line":62,"column":27}},"62":{"start":{"line":63,"column":0},"end":{"line":63,"column":15}},"63":{"start":{"line":64,"column":0},"end":{"line":64,"column":50}},"64":{"start":{"line":65,"column":0},"end":{"line":65,"column":38}},"65":{"start":{"line":66,"column":0},"end":{"line":66,"column":21}},"66":{"start":{"line":67,"column":0},"end":{"line":67,"column":28}},"67":{"start":{"line":68,"column":0},"end":{"line":68,"column":58}},"68":{"start":{"line":69,"column":0},"end":{"line":69,"column":79}},"69":{"start":{"line":70,"column":0},"end":{"line":70,"column":43}},"70":{"start":{"line":71,"column":0},"end":{"line":71,"column":44}},"71":{"start":{"line":72,"column":0},"end":{"line":72,"column":49}},"72":{"start":{"line":73,"column":0},"end":{"line":73,"column":47}},"73":{"start":{"line":74,"column":0},"end":{"line":74,"column":57}},"74":{"start":{"line":75,"column":0},"end":{"line":75,"column":19}},"75":{"start":{"line":76,"column":0},"end":{"line":76,"column":15}},"76":{"start":{"line":77,"column":0},"end":{"line":77,"column":24}},"77":{"start":{"line":78,"column":0},"end":{"line":78,"column":23}},"78":{"start":{"line":79,"column":0},"end":{"line":79,"column":15}},"79":{"start":{"line":80,"column":0},"end":{"line":80,"column":16}},"80":{"start":{"line":81,"column":0},"end":{"line":81,"column":14}},"81":{"start":{"line":82,"column":0},"end":{"line":82,"column":11}},"82":{"start":{"line":83,"column":0},"end":{"line":83,"column":46}},"83":{"start":{"line":84,"column":0},"end":{"line":84,"column":8}},"84":{"start":{"line":85,"column":0},"end":{"line":85,"column":13}},"85":{"start":{"line":86,"column":0},"end":{"line":86,"column":27}},"86":{"start":{"line":87,"column":0},"end":{"line":87,"column":71}},"87":{"start":{"line":88,"column":0},"end":{"line":88,"column":7}},"88":{"start":{"line":89,"column":0},"end":{"line":89,"column":16}},"89":{"start":{"line":90,"column":0},"end":{"line":90,"column":15}},"90":{"start":{"line":91,"column":0},"end":{"line":91,"column":10}},"91":{"start":{"line":92,"column":0},"end":{"line":92,"column":4}},"92":{"start":{"line":93,"column":0},"end":{"line":93,"column":2}},"93":{"start":{"line":94,"column":0},"end":{"line":94,"column":0}},"94":{"start":{"line":95,"column":0},"end":{"line":95,"column":22}},"95":{"start":{"line":96,"column":0},"end":{"line":96,"column":39}},"96":{"start":{"line":97,"column":0},"end":{"line":97,"column":2}},"97":{"start":{"line":98,"column":0},"end":{"line":98,"column":0}},"98":{"start":{"line":99,"column":0},"end":{"line":99,"column":24}}},"s":{"0":1,"1":1,"2":1,"3":1,"4":1,"5":12,"6":12,"7":12,"8":12,"9":12,"10":12,"11":12,"12":4,"13":12,"14":12,"15":12,"16":5,"17":5,"18":4,"19":4,"20":4,"21":5,"22":5,"23":5,"24":5,"25":5,"26":5,"27":1,"28":1,"29":1,"30":1,"31":5,"32":12,"33":12,"34":4,"35":4,"36":49,"37":49,"38":49,"39":16,"40":16,"41":49,"42":4,"43":4,"44":12,"45":12,"46":1,"47":1,"48":1,"49":1,"50":1,"51":1,"52":1,"53":1,"54":12,"55":12,"56":12,"57":12,"58":12,"59":6,"60":6,"61":6,"62":6,"63":6,"64":6,"65":30,"66":30,"67":30,"68":30,"69":30,"70":1,"71":0,"72":1,"73":29,"74":30,"75":30,"76":30,"77":30,"78":6,"79":6,"80":6,"81":5,"82":5,"83":12,"84":12,"85":12,"86":12,"87":12,"88":12,"89":12,"90":12,"91":12,"92":12,"93":1,"94":1,"95":1,"96":1,"97":1,"98":1},"branchMap":{"0":{"type":"branch","line":5,"loc":{"start":{"line":5,"column":17},"end":{"line":93,"column":2}},"locations":[{"start":{"line":5,"column":17},"end":{"line":93,"column":2}}]},"1":{"type":"branch","line":58,"loc":{"start":{"line":58,"column":7},"end":{"line":58,"column":56}},"locations":[{"start":{"line":58,"column":7},"end":{"line":58,"column":56}}]},"2":{"type":"branch","line":59,"loc":{"start":{"line":59,"column":7},"end":{"line":81,"column":14}},"locations":[{"start":{"line":59,"column":7},"end":{"line":81,"column":14}}]},"3":{"type":"branch","line":81,"loc":{"start":{"line":81,"column":8},"end":{"line":83,"column":46}},"locations":[{"start":{"line":81,"column":8},"end":{"line":83,"column":46}}]},"4":{"type":"branch","line":12,"loc":{"start":{"line":12,"column":12},"end":{"line":14,"column":5}},"locations":[{"start":{"line":12,"column":12},"end":{"line":14,"column":5}}]},"5":{"type":"branch","line":16,"loc":{"start":{"line":16,"column":24},"end":{"line":32,"column":4}},"locations":[{"start":{"line":16,"column":24},"end":{"line":32,"column":4}}]},"6":{"type":"branch","line":18,"loc":{"start":{"line":18,"column":41},"end":{"line":22,"column":45}},"locations":[{"start":{"line":18,"column":41},"end":{"line":22,"column":45}}]},"7":{"type":"branch","line":22,"loc":{"start":{"line":22,"column":35},"end":{"line":22,"column":51}},"locations":[{"start":{"line":22,"column":35},"end":{"line":22,"column":51}}]},"8":{"type":"branch","line":27,"loc":{"start":{"line":27,"column":4},"end":{"line":31,"column":5}},"locations":[{"start":{"line":27,"column":4},"end":{"line":31,"column":5}}]},"9":{"type":"branch","line":34,"loc":{"start":{"line":34,"column":21},"end":{"line":44,"column":4}},"locations":[{"start":{"line":34,"column":21},"end":{"line":44,"column":4}}]},"10":{"type":"branch","line":36,"loc":{"start":{"line":36,"column":31},"end":{"line":42,"column":5}},"locations":[{"start":{"line":36,"column":31},"end":{"line":42,"column":5}}]},"11":{"type":"branch","line":39,"loc":{"start":{"line":39,"column":41},"end":{"line":41,"column":7}},"locations":[{"start":{"line":39,"column":41},"end":{"line":41,"column":7}}]},"12":{"type":"branch","line":43,"loc":{"start":{"line":43,"column":24},"end":{"line":43,"column":49}},"locations":[{"start":{"line":43,"column":24},"end":{"line":43,"column":49}}]},"13":{"type":"branch","line":46,"loc":{"start":{"line":46,"column":29},"end":{"line":54,"column":4}},"locations":[{"start":{"line":46,"column":29},"end":{"line":54,"column":4}}]},"14":{"type":"branch","line":48,"loc":{"start":{"line":48,"column":36},"end":{"line":48,"column":62}},"locations":[{"start":{"line":48,"column":36},"end":{"line":48,"column":62}}]},"15":{"type":"branch","line":49,"loc":{"start":{"line":49,"column":15},"end":{"line":53,"column":7}},"locations":[{"start":{"line":49,"column":15},"end":{"line":53,"column":7}}]},"16":{"type":"branch","line":65,"loc":{"start":{"line":65,"column":25},"end":{"line":78,"column":23}},"locations":[{"start":{"line":65,"column":25},"end":{"line":78,"column":23}}]},"17":{"type":"branch","line":70,"loc":{"start":{"line":70,"column":37},"end":{"line":73,"column":47}},"locations":[{"start":{"line":70,"column":37},"end":{"line":73,"column":47}}]},"18":{"type":"branch","line":71,"loc":{"start":{"line":71,"column":35},"end":{"line":72,"column":49}},"locations":[{"start":{"line":71,"column":35},"end":{"line":72,"column":49}}]},"19":{"type":"branch","line":73,"loc":{"start":{"line":73,"column":24},"end":{"line":74,"column":57}},"locations":[{"start":{"line":73,"column":24},"end":{"line":74,"column":57}}]},"20":{"type":"branch","line":68,"loc":{"start":{"line":68,"column":25},"end":{"line":68,"column":58}},"locations":[{"start":{"line":68,"column":25},"end":{"line":68,"column":58}}]}},"b":{"0":[12],"1":[1],"2":[6],"3":[5],"4":[4],"5":[5],"6":[4],"7":[1],"8":[1],"9":[4],"10":[49],"11":[16],"12":[28],"13":[1],"14":[0],"15":[1],"16":[30],"17":[1],"18":[0],"19":[29],"20":[1]},"fnMap":{"0":{"name":"EasyTest","decl":{"start":{"line":5,"column":17},"end":{"line":93,"column":2}},"loc":{"start":{"line":5,"column":17},"end":{"line":93,"column":2}},"line":5},"1":{"name":"fetchQuestion","decl":{"start":{"line":16,"column":24},"end":{"line":32,"column":4}},"loc":{"start":{"line":16,"column":24},"end":{"line":32,"column":4}},"line":16},"2":{"name":"getOptions","decl":{"start":{"line":34,"column":21},"end":{"line":44,"column":4}},"loc":{"start":{"line":34,"column":21},"end":{"line":44,"column":4}},"line":34},"3":{"name":"handleOptionSelect","decl":{"start":{"line":46,"column":29},"end":{"line":54,"column":4}},"loc":{"start":{"line":46,"column":29},"end":{"line":54,"column":4}},"line":46},"4":{"name":"onClick","decl":{"start":{"line":68,"column":25},"end":{"line":68,"column":58}},"loc":{"start":{"line":68,"column":25},"end":{"line":68,"column":58}},"line":68}},"f":{"0":12,"1":5,"2":4,"3":1,"4":1}}
,"C:\\Users\\nasmi\\OneDrive\\Desktop\\se-2004-a\\challenges\\capstone\\arabic-vocabulary-builder-frontend\\src\\components\\Footer.jsx": {"path":"C:\\Users\\nasmi\\OneDrive\\Desktop\\se-2004-a\\challenges\\capstone\\arabic-vocabulary-builder-frontend\\src\\components\\Footer.jsx","all":false,"statementMap":{"0":{"start":{"line":1,"column":0},"end":{"line":1,"column":26}},"1":{"start":{"line":2,"column":0},"end":{"line":2,"column":0}},"2":{"start":{"line":3,"column":0},"end":{"line":3,"column":22}},"3":{"start":{"line":4,"column":0},"end":{"line":4,"column":10}},"4":{"start":{"line":5,"column":0},"end":{"line":5,"column":31}},"5":{"start":{"line":6,"column":0},"end":{"line":6,"column":33}},"6":{"start":{"line":7,"column":0},"end":{"line":7,"column":79}},"7":{"start":{"line":8,"column":0},"end":{"line":8,"column":24}},"8":{"start":{"line":9,"column":0},"end":{"line":9,"column":10}},"9":{"start":{"line":10,"column":0},"end":{"line":10,"column":44}},"10":{"start":{"line":11,"column":0},"end":{"line":11,"column":25}},"11":{"start":{"line":12,"column":0},"end":{"line":12,"column":35}},"12":{"start":{"line":13,"column":0},"end":{"line":13,"column":9}},"13":{"start":{"line":14,"column":0},"end":{"line":14,"column":18}},"14":{"start":{"line":15,"column":0},"end":{"line":15,"column":12}},"15":{"start":{"line":16,"column":0},"end":{"line":16,"column":10}},"16":{"start":{"line":17,"column":0},"end":{"line":17,"column":13}},"17":{"start":{"line":18,"column":0},"end":{"line":18,"column":4}},"18":{"start":{"line":19,"column":0},"end":{"line":19,"column":2}},"19":{"start":{"line":20,"column":0},"end":{"line":20,"column":0}},"20":{"start":{"line":21,"column":0},"end":{"line":21,"column":22}}},"s":{"0":1,"1":1,"2":1,"3":7,"4":7,"5":7,"6":7,"7":7,"8":7,"9":7,"10":7,"11":7,"12":7,"13":7,"14":7,"15":7,"16":7,"17":7,"18":7,"19":1,"20":1},"branchMap":{"0":{"type":"branch","line":3,"loc":{"start":{"line":3,"column":15},"end":{"line":19,"column":2}},"locations":[{"start":{"line":3,"column":15},"end":{"line":19,"column":2}}]}},"b":{"0":[7]},"fnMap":{"0":{"name":"Footer","decl":{"start":{"line":3,"column":15},"end":{"line":19,"column":2}},"loc":{"start":{"line":3,"column":15},"end":{"line":19,"column":2}},"line":3}},"f":{"0":7}}
,"C:\\Users\\nasmi\\OneDrive\\Desktop\\se-2004-a\\challenges\\capstone\\arabic-vocabulary-builder-frontend\\src\\components\\HardTest.jsx": {"path":"C:\\Users\\nasmi\\OneDrive\\Desktop\\se-2004-a\\challenges\\capstone\\arabic-vocabulary-builder-frontend\\src\\components\\HardTest.jsx","all":false,"statementMap":{"0":{"start":{"line":1,"column":0},"end":{"line":1,"column":44}},"1":{"start":{"line":2,"column":0},"end":{"line":2,"column":35}},"2":{"start":{"line":3,"column":0},"end":{"line":3,"column":57}},"3":{"start":{"line":4,"column":0},"end":{"line":4,"column":58}},"4":{"start":{"line":5,"column":0},"end":{"line":5,"column":0}},"5":{"start":{"line":6,"column":0},"end":{"line":6,"column":37}},"6":{"start":{"line":7,"column":0},"end":{"line":7,"column":49}},"7":{"start":{"line":8,"column":0},"end":{"line":8,"column":43}},"8":{"start":{"line":9,"column":0},"end":{"line":9,"column":47}},"9":{"start":{"line":10,"column":0},"end":{"line":10,"column":43}},"10":{"start":{"line":11,"column":0},"end":{"line":11,"column":0}},"11":{"start":{"line":12,"column":0},"end":{"line":12,"column":19}},"12":{"start":{"line":13,"column":0},"end":{"line":13,"column":20}},"13":{"start":{"line":14,"column":0},"end":{"line":14,"column":9}},"14":{"start":{"line":15,"column":0},"end":{"line":15,"column":0}},"15":{"start":{"line":16,"column":0},"end":{"line":16,"column":37}},"16":{"start":{"line":17,"column":0},"end":{"line":17,"column":9}},"17":{"start":{"line":18,"column":0},"end":{"line":18,"column":43}},"18":{"start":{"line":19,"column":0},"end":{"line":19,"column":21}},"19":{"start":{"line":20,"column":0},"end":{"line":20,"column":10}},"20":{"start":{"line":21,"column":0},"end":{"line":21,"column":69}},"21":{"start":{"line":22,"column":0},"end":{"line":22,"column":51}},"22":{"start":{"line":23,"column":0},"end":{"line":23,"column":30}},"23":{"start":{"line":24,"column":0},"end":{"line":24,"column":21}},"24":{"start":{"line":25,"column":0},"end":{"line":25,"column":63}},"25":{"start":{"line":26,"column":0},"end":{"line":26,"column":24}},"26":{"start":{"line":27,"column":0},"end":{"line":27,"column":5}},"27":{"start":{"line":28,"column":0},"end":{"line":28,"column":4}},"28":{"start":{"line":29,"column":0},"end":{"line":29,"column":0}},"29":{"start":{"line":30,"column":0},"end":{"line":30,"column":36}},"30":{"start":{"line":31,"column":0},"end":{"line":31,"column":21}},"31":{"start":{"line":32,"column":0},"end":{"line":32,"column":66}},"32":{"start":{"line":33,"column":0},"end":{"line":33,"column":53}},"33":{"start":{"line":34,"column":0},"end":{"line":34,"column":22}},"34":{"start":{"line":35,"column":0},"end":{"line":35,"column":22}},"35":{"start":{"line":36,"column":0},"end":{"line":36,"column":20}},"36":{"start":{"line":37,"column":0},"end":{"line":37,"column":22}},"37":{"start":{"line":38,"column":0},"end":{"line":38,"column":13}},"38":{"start":{"line":39,"column":0},"end":{"line":39,"column":4}},"39":{"start":{"line":40,"column":0},"end":{"line":40,"column":0}},"40":{"start":{"line":41,"column":0},"end":{"line":41,"column":35}},"41":{"start":{"line":42,"column":0},"end":{"line":42,"column":27}},"42":{"start":{"line":43,"column":0},"end":{"line":43,"column":37}},"43":{"start":{"line":44,"column":0},"end":{"line":44,"column":12}},"44":{"start":{"line":45,"column":0},"end":{"line":45,"column":30}},"45":{"start":{"line":46,"column":0},"end":{"line":46,"column":5}},"46":{"start":{"line":47,"column":0},"end":{"line":47,"column":4}},"47":{"start":{"line":48,"column":0},"end":{"line":48,"column":0}},"48":{"start":{"line":49,"column":0},"end":{"line":49,"column":10}},"49":{"start":{"line":50,"column":0},"end":{"line":50,"column":74}},"50":{"start":{"line":51,"column":0},"end":{"line":51,"column":56}},"51":{"start":{"line":52,"column":0},"end":{"line":52,"column":19}},"52":{"start":{"line":53,"column":0},"end":{"line":53,"column":75}},"53":{"start":{"line":54,"column":0},"end":{"line":54,"column":74}},"54":{"start":{"line":55,"column":0},"end":{"line":55,"column":16}},"55":{"start":{"line":56,"column":0},"end":{"line":56,"column":23}},"56":{"start":{"line":57,"column":0},"end":{"line":57,"column":26}},"57":{"start":{"line":58,"column":0},"end":{"line":58,"column":55}},"58":{"start":{"line":59,"column":0},"end":{"line":59,"column":60}},"59":{"start":{"line":60,"column":0},"end":{"line":60,"column":12}},"60":{"start":{"line":61,"column":0},"end":{"line":61,"column":56}},"61":{"start":{"line":62,"column":0},"end":{"line":62,"column":17}},"62":{"start":{"line":63,"column":0},"end":{"line":63,"column":40}},"63":{"start":{"line":64,"column":0},"end":{"line":64,"column":63}},"64":{"start":{"line":65,"column":0},"end":{"line":65,"column":36}},"65":{"start":{"line":66,"column":0},"end":{"line":66,"column":43}},"66":{"start":{"line":67,"column":0},"end":{"line":67,"column":42}},"67":{"start":{"line":68,"column":0},"end":{"line":68,"column":41}},"68":{"start":{"line":69,"column":0},"end":{"line":69,"column":20}},"69":{"start":{"line":70,"column":0},"end":{"line":70,"column":15}},"70":{"start":{"line":71,"column":0},"end":{"line":71,"column":39}},"71":{"start":{"line":72,"column":0},"end":{"line":72,"column":36}},"72":{"start":{"line":73,"column":0},"end":{"line":73,"column":11}},"73":{"start":{"line":74,"column":0},"end":{"line":74,"column":18}},"74":{"start":{"line":75,"column":0},"end":{"line":75,"column":19}},"75":{"start":{"line":76,"column":0},"end":{"line":76,"column":14}},"76":{"start":{"line":77,"column":0},"end":{"line":77,"column":11}},"77":{"start":{"line":78,"column":0},"end":{"line":78,"column":25}},"78":{"start":{"line":79,"column":0},"end":{"line":79,"column":8}},"79":{"start":{"line":80,"column":0},"end":{"line":80,"column":13}},"80":{"start":{"line":81,"column":0},"end":{"line":81,"column":27}},"81":{"start":{"line":82,"column":0},"end":{"line":82,"column":71}},"82":{"start":{"line":83,"column":0},"end":{"line":83,"column":7}},"83":{"start":{"line":84,"column":0},"end":{"line":84,"column":16}},"84":{"start":{"line":85,"column":0},"end":{"line":85,"column":15}},"85":{"start":{"line":86,"column":0},"end":{"line":86,"column":10}},"86":{"start":{"line":87,"column":0},"end":{"line":87,"column":4}},"87":{"start":{"line":88,"column":0},"end":{"line":88,"column":2}},"88":{"start":{"line":89,"column":0},"end":{"line":89,"column":0}},"89":{"start":{"line":90,"column":0},"end":{"line":90,"column":22}},"90":{"start":{"line":91,"column":0},"end":{"line":91,"column":39}},"91":{"start":{"line":92,"column":0},"end":{"line":92,"column":2}},"92":{"start":{"line":93,"column":0},"end":{"line":93,"column":0}},"93":{"start":{"line":94,"column":0},"end":{"line":94,"column":24}}},"s":{"0":1,"1":1,"2":1,"3":1,"4":1,"5":1,"6":19,"7":19,"8":19,"9":19,"10":19,"11":19,"12":6,"13":19,"14":19,"15":19,"16":7,"17":7,"18":6,"19":7,"20":7,"21":7,"22":7,"23":7,"24":1,"25":1,"26":1,"27":7,"28":19,"29":19,"30":1,"31":1,"32":1,"33":1,"34":1,"35":1,"36":1,"37":1,"38":1,"39":19,"40":19,"41":2,"42":1,"43":1,"44":1,"45":1,"46":2,"47":19,"48":19,"49":19,"50":19,"51":19,"52":12,"53":12,"54":12,"55":12,"56":12,"57":12,"58":12,"59":12,"60":12,"61":12,"62":12,"63":12,"64":12,"65":1,"66":11,"67":0,"68":11,"69":12,"70":12,"71":12,"72":12,"73":12,"74":12,"75":12,"76":7,"77":7,"78":19,"79":19,"80":19,"81":19,"82":19,"83":19,"84":19,"85":19,"86":19,"87":19,"88":1,"89":1,"90":1,"91":1,"92":1,"93":1},"branchMap":{"0":{"type":"branch","line":6,"loc":{"start":{"line":6,"column":17},"end":{"line":88,"column":2}},"locations":[{"start":{"line":6,"column":17},"end":{"line":88,"column":2}}]},"1":{"type":"branch","line":51,"loc":{"start":{"line":51,"column":7},"end":{"line":51,"column":56}},"locations":[{"start":{"line":51,"column":7},"end":{"line":51,"column":56}}]},"2":{"type":"branch","line":52,"loc":{"start":{"line":52,"column":7},"end":{"line":76,"column":14}},"locations":[{"start":{"line":52,"column":7},"end":{"line":76,"column":14}}]},"3":{"type":"branch","line":65,"loc":{"start":{"line":65,"column":27},"end":{"line":66,"column":43}},"locations":[{"start":{"line":65,"column":27},"end":{"line":66,"column":43}}]},"4":{"type":"branch","line":66,"loc":{"start":{"line":66,"column":18},"end":{"line":69,"column":20}},"locations":[{"start":{"line":66,"column":18},"end":{"line":69,"column":20}}]},"5":{"type":"branch","line":67,"loc":{"start":{"line":67,"column":31},"end":{"line":68,"column":41}},"locations":[{"start":{"line":67,"column":31},"end":{"line":68,"column":41}}]},"6":{"type":"branch","line":76,"loc":{"start":{"line":76,"column":8},"end":{"line":78,"column":25}},"locations":[{"start":{"line":76,"column":8},"end":{"line":78,"column":25}}]},"7":{"type":"branch","line":12,"loc":{"start":{"line":12,"column":12},"end":{"line":14,"column":5}},"locations":[{"start":{"line":12,"column":12},"end":{"line":14,"column":5}}]},"8":{"type":"branch","line":16,"loc":{"start":{"line":16,"column":24},"end":{"line":28,"column":4}},"locations":[{"start":{"line":16,"column":24},"end":{"line":28,"column":4}}]},"9":{"type":"branch","line":18,"loc":{"start":{"line":18,"column":41},"end":{"line":20,"column":9}},"locations":[{"start":{"line":18,"column":41},"end":{"line":20,"column":9}}]},"10":{"type":"branch","line":22,"loc":{"start":{"line":22,"column":6},"end":{"line":22,"column":45}},"locations":[{"start":{"line":22,"column":6},"end":{"line":22,"column":45}}]},"11":{"type":"branch","line":22,"loc":{"start":{"line":22,"column":35},"end":{"line":22,"column":51}},"locations":[{"start":{"line":22,"column":35},"end":{"line":22,"column":51}}]},"12":{"type":"branch","line":24,"loc":{"start":{"line":24,"column":4},"end":{"line":27,"column":5}},"locations":[{"start":{"line":24,"column":4},"end":{"line":27,"column":5}}]},"13":{"type":"branch","line":30,"loc":{"start":{"line":30,"column":29},"end":{"line":39,"column":4}},"locations":[{"start":{"line":30,"column":29},"end":{"line":39,"column":4}}]},"14":{"type":"branch","line":32,"loc":{"start":{"line":32,"column":26},"end":{"line":32,"column":66}},"locations":[{"start":{"line":32,"column":26},"end":{"line":32,"column":66}}]},"15":{"type":"branch","line":33,"loc":{"start":{"line":33,"column":28},"end":{"line":33,"column":51}},"locations":[{"start":{"line":33,"column":28},"end":{"line":33,"column":51}}]},"16":{"type":"branch","line":34,"loc":{"start":{"line":34,"column":15},"end":{"line":38,"column":7}},"locations":[{"start":{"line":34,"column":15},"end":{"line":38,"column":7}}]},"17":{"type":"branch","line":41,"loc":{"start":{"line":41,"column":25},"end":{"line":47,"column":4}},"locations":[{"start":{"line":41,"column":25},"end":{"line":47,"column":4}}]},"18":{"type":"branch","line":42,"loc":{"start":{"line":42,"column":26},"end":{"line":46,"column":5}},"locations":[{"start":{"line":42,"column":26},"end":{"line":46,"column":5}}]},"19":{"type":"branch","line":58,"loc":{"start":{"line":58,"column":22},"end":{"line":58,"column":55}},"locations":[{"start":{"line":58,"column":22},"end":{"line":58,"column":55}}]}},"b":{"0":[19],"1":[1],"2":[12],"3":[1],"4":[11],"5":[0],"6":[7],"7":[6],"8":[7],"9":[6],"10":[6],"11":[2],"12":[1],"13":[1],"14":[0],"15":[0],"16":[1],"17":[2],"18":[1],"19":[2]},"fnMap":{"0":{"name":"HardTest","decl":{"start":{"line":6,"column":17},"end":{"line":88,"column":2}},"loc":{"start":{"line":6,"column":17},"end":{"line":88,"column":2}},"line":6},"1":{"name":"fetchQuestion","decl":{"start":{"line":16,"column":24},"end":{"line":28,"column":4}},"loc":{"start":{"line":16,"column":24},"end":{"line":28,"column":4}},"line":16},"2":{"name":"handleAnswerSubmit","decl":{"start":{"line":30,"column":29},"end":{"line":39,"column":4}},"loc":{"start":{"line":30,"column":29},"end":{"line":39,"column":4}},"line":30},"3":{"name":"handleKeyPress","decl":{"start":{"line":41,"column":25},"end":{"line":47,"column":4}},"loc":{"start":{"line":41,"column":25},"end":{"line":47,"column":4}},"line":41},"4":{"name":"onChange","decl":{"start":{"line":58,"column":22},"end":{"line":58,"column":55}},"loc":{"start":{"line":58,"column":22},"end":{"line":58,"column":55}},"line":58}},"f":{"0":19,"1":7,"2":1,"3":2,"4":2}}
,"C:\\Users\\nasmi\\OneDrive\\Desktop\\se-2004-a\\challenges\\capstone\\arabic-vocabulary-builder-frontend\\src\\components\\Header.jsx": {"path":"C:\\Users\\nasmi\\OneDrive\\Desktop\\se-2004-a\\challenges\\capstone\\arabic-vocabulary-builder-frontend\\src\\components\\Header.jsx","all":false,"statementMap":{"0":{"start":{"line":1,"column":0},"end":{"line":1,"column":53}},"1":{"start":{"line":2,"column":0},"end":{"line":2,"column":44}},"2":{"start":{"line":3,"column":0},"end":{"line":3,"column":35}},"3":{"start":{"line":4,"column":0},"end":{"line":4,"column":36}},"4":{"start":{"line":5,"column":0},"end":{"line":5,"column":26}},"5":{"start":{"line":6,"column":0},"end":{"line":6,"column":0}},"6":{"start":{"line":7,"column":0},"end":{"line":7,"column":51}},"7":{"start":{"line":8,"column":0},"end":{"line":8,"column":54}},"8":{"start":{"line":9,"column":0},"end":{"line":9,"column":33}},"9":{"start":{"line":10,"column":0},"end":{"line":10,"column":0}},"10":{"start":{"line":11,"column":0},"end":{"line":11,"column":19}},"11":{"start":{"line":12,"column":0},"end":{"line":12,"column":39}},"12":{"start":{"line":13,"column":0},"end":{"line":13,"column":52}},"13":{"start":{"line":14,"column":0},"end":{"line":14,"column":29}},"14":{"start":{"line":15,"column":0},"end":{"line":15,"column":6}},"15":{"start":{"line":16,"column":0},"end":{"line":16,"column":0}},"16":{"start":{"line":17,"column":0},"end":{"line":17,"column":60}},"17":{"start":{"line":18,"column":0},"end":{"line":18,"column":0}},"18":{"start":{"line":19,"column":0},"end":{"line":19,"column":50}},"19":{"start":{"line":20,"column":0},"end":{"line":20,"column":27}},"20":{"start":{"line":21,"column":0},"end":{"line":21,"column":0}},"21":{"start":{"line":22,"column":0},"end":{"line":22,"column":18}},"22":{"start":{"line":23,"column":0},"end":{"line":23,"column":65}},"23":{"start":{"line":24,"column":0},"end":{"line":24,"column":6}},"24":{"start":{"line":25,"column":0},"end":{"line":25,"column":22}},"25":{"start":{"line":26,"column":0},"end":{"line":26,"column":0}},"26":{"start":{"line":27,"column":0},"end":{"line":27,"column":30}},"27":{"start":{"line":28,"column":0},"end":{"line":28,"column":39}},"28":{"start":{"line":29,"column":0},"end":{"line":29,"column":25}},"29":{"start":{"line":30,"column":0},"end":{"line":30,"column":23}},"30":{"start":{"line":31,"column":0},"end":{"line":31,"column":4}},"31":{"start":{"line":32,"column":0},"end":{"line":32,"column":0}},"32":{"start":{"line":33,"column":0},"end":{"line":33,"column":28}},"33":{"start":{"line":34,"column":0},"end":{"line":34,"column":31}},"34":{"start":{"line":35,"column":0},"end":{"line":35,"column":4}},"35":{"start":{"line":36,"column":0},"end":{"line":36,"column":0}},"36":{"start":{"line":37,"column":0},"end":{"line":37,"column":10}},"37":{"start":{"line":38,"column":0},"end":{"line":38,"column":28}},"38":{"start":{"line":39,"column":0},"end":{"line":39,"column":41}},"39":{"start":{"line":40,"column":0},"end":{"line":40,"column":51}},"40":{"start":{"line":41,"column":0},"end":{"line":41,"column":69}},"41":{"start":{"line":42,"column":0},"end":{"line":42,"column":35}},"42":{"start":{"line":43,"column":0},"end":{"line":43,"column":15}},"43":{"start":{"line":44,"column":0},"end":{"line":44,"column":43}},"44":{"start":{"line":45,"column":0},"end":{"line":45,"column":72}},"45":{"start":{"line":46,"column":0},"end":{"line":46,"column":70}},"46":{"start":{"line":47,"column":0},"end":{"line":47,"column":18}},"47":{"start":{"line":48,"column":0},"end":{"line":48,"column":19}},"48":{"start":{"line":49,"column":0},"end":{"line":49,"column":28}},"49":{"start":{"line":50,"column":0},"end":{"line":50,"column":80}},"50":{"start":{"line":51,"column":0},"end":{"line":51,"column":24}},"51":{"start":{"line":52,"column":0},"end":{"line":52,"column":21}},"52":{"start":{"line":53,"column":0},"end":{"line":53,"column":14}},"53":{"start":{"line":54,"column":0},"end":{"line":54,"column":77}},"54":{"start":{"line":55,"column":0},"end":{"line":55,"column":21}},"55":{"start":{"line":56,"column":0},"end":{"line":56,"column":19}},"56":{"start":{"line":57,"column":0},"end":{"line":57,"column":27}},"57":{"start":{"line":58,"column":0},"end":{"line":58,"column":71}},"58":{"start":{"line":59,"column":0},"end":{"line":59,"column":22}},"59":{"start":{"line":60,"column":0},"end":{"line":60,"column":23}},"60":{"start":{"line":61,"column":0},"end":{"line":61,"column":17}},"61":{"start":{"line":62,"column":0},"end":{"line":62,"column":16}},"62":{"start":{"line":63,"column":0},"end":{"line":63,"column":79}},"63":{"start":{"line":64,"column":0},"end":{"line":64,"column":23}},"64":{"start":{"line":65,"column":0},"end":{"line":65,"column":23}},"65":{"start":{"line":66,"column":0},"end":{"line":66,"column":80}},"66":{"start":{"line":67,"column":0},"end":{"line":67,"column":24}},"67":{"start":{"line":68,"column":0},"end":{"line":68,"column":23}},"68":{"start":{"line":69,"column":0},"end":{"line":69,"column":17}},"69":{"start":{"line":70,"column":0},"end":{"line":70,"column":14}},"70":{"start":{"line":71,"column":0},"end":{"line":71,"column":16}},"71":{"start":{"line":72,"column":0},"end":{"line":72,"column":45}},"72":{"start":{"line":73,"column":0},"end":{"line":73,"column":16}},"73":{"start":{"line":74,"column":0},"end":{"line":74,"column":35}},"74":{"start":{"line":75,"column":0},"end":{"line":75,"column":34}},"75":{"start":{"line":76,"column":0},"end":{"line":76,"column":38}},"76":{"start":{"line":77,"column":0},"end":{"line":77,"column":13}},"77":{"start":{"line":78,"column":0},"end":{"line":78,"column":72}},"78":{"start":{"line":79,"column":0},"end":{"line":79,"column":72}},"79":{"start":{"line":80,"column":0},"end":{"line":80,"column":72}},"80":{"start":{"line":81,"column":0},"end":{"line":81,"column":18}},"81":{"start":{"line":82,"column":0},"end":{"line":82,"column":48}},"82":{"start":{"line":83,"column":0},"end":{"line":83,"column":16}},"83":{"start":{"line":84,"column":0},"end":{"line":84,"column":14}},"84":{"start":{"line":85,"column":0},"end":{"line":85,"column":12}},"85":{"start":{"line":86,"column":0},"end":{"line":86,"column":10}},"86":{"start":{"line":87,"column":0},"end":{"line":87,"column":4}},"87":{"start":{"line":88,"column":0},"end":{"line":88,"column":2}},"88":{"start":{"line":89,"column":0},"end":{"line":89,"column":0}},"89":{"start":{"line":90,"column":0},"end":{"line":90,"column":20}},"90":{"start":{"line":91,"column":0},"end":{"line":91,"column":40}},"91":{"start":{"line":92,"column":0},"end":{"line":92,"column":43}},"92":{"start":{"line":93,"column":0},"end":{"line":93,"column":2}},"93":{"start":{"line":94,"column":0},"end":{"line":94,"column":0}},"94":{"start":{"line":95,"column":0},"end":{"line":95,"column":22}}},"s":{"0":1,"1":1,"2":1,"3":1,"4":1,"5":1,"6":1,"7":11,"8":11,"9":11,"10":11,"11":10,"12":0,"13":0,"14":0,"15":10,"16":10,"17":10,"18":10,"19":10,"20":10,"21":10,"22":10,"23":10,"24":11,"25":11,"26":11,"27":1,"28":1,"29":1,"30":1,"31":11,"32":11,"33":0,"34":0,"35":11,"36":11,"37":11,"38":11,"39":11,"40":11,"41":11,"42":11,"43":11,"44":11,"45":11,"46":11,"47":11,"48":11,"49":3,"50":3,"51":3,"52":11,"53":11,"54":11,"55":11,"56":11,"57":3,"58":3,"59":3,"60":8,"61":8,"62":8,"63":8,"64":8,"65":8,"66":8,"67":8,"68":8,"69":11,"70":11,"71":11,"72":11,"73":11,"74":11,"75":11,"76":11,"77":11,"78":11,"79":11,"80":11,"81":11,"82":11,"83":11,"84":11,"85":11,"86":11,"87":11,"88":1,"89":1,"90":1,"91":1,"92":1,"93":1,"94":1},"branchMap":{"0":{"type":"branch","line":7,"loc":{"start":{"line":7,"column":15},"end":{"line":88,"column":2}},"locations":[{"start":{"line":7,"column":15},"end":{"line":88,"column":2}}]},"1":{"type":"branch","line":45,"loc":{"start":{"line":45,"column":42},"end":{"line":45,"column":66}},"locations":[{"start":{"line":45,"column":42},"end":{"line":45,"column":66}}]},"2":{"type":"branch","line":49,"loc":{"start":{"line":49,"column":13},"end":{"line":52,"column":21}},"locations":[{"start":{"line":49,"column":13},"end":{"line":52,"column":21}}]},"3":{"type":"branch","line":57,"loc":{"start":{"line":57,"column":13},"end":{"line":60,"column":23}},"locations":[{"start":{"line":57,"column":13},"end":{"line":60,"column":23}}]},"4":{"type":"branch","line":60,"loc":{"start":{"line":60,"column":14},"end":{"line":69,"column":17}},"locations":[{"start":{"line":60,"column":14},"end":{"line":69,"column":17}}]},"5":{"type":"branch","line":78,"loc":{"start":{"line":78,"column":38},"end":{"line":78,"column":60}},"locations":[{"start":{"line":78,"column":38},"end":{"line":78,"column":60}}]},"6":{"type":"branch","line":79,"loc":{"start":{"line":79,"column":38},"end":{"line":79,"column":60}},"locations":[{"start":{"line":79,"column":38},"end":{"line":79,"column":60}}]},"7":{"type":"branch","line":80,"loc":{"start":{"line":80,"column":38},"end":{"line":80,"column":60}},"locations":[{"start":{"line":80,"column":38},"end":{"line":80,"column":60}}]},"8":{"type":"branch","line":11,"loc":{"start":{"line":11,"column":12},"end":{"line":25,"column":5}},"locations":[{"start":{"line":11,"column":12},"end":{"line":25,"column":5}}]},"9":{"type":"branch","line":22,"loc":{"start":{"line":22,"column":11},"end":{"line":24,"column":6}},"locations":[{"start":{"line":22,"column":11},"end":{"line":24,"column":6}}]},"10":{"type":"branch","line":27,"loc":{"start":{"line":27,"column":23},"end":{"line":31,"column":4}},"locations":[{"start":{"line":27,"column":23},"end":{"line":31,"column":4}}]}},"b":{"0":[11],"1":[0],"2":[3],"3":[3],"4":[8],"5":[0],"6":[0],"7":[0],"8":[10],"9":[10],"10":[1]},"fnMap":{"0":{"name":"Header","decl":{"start":{"line":7,"column":15},"end":{"line":88,"column":2}},"loc":{"start":{"line":7,"column":15},"end":{"line":88,"column":2}},"line":7},"1":{"name":"handleStorageChange","decl":{"start":{"line":12,"column":32},"end":{"line":15,"column":6}},"loc":{"start":{"line":12,"column":32},"end":{"line":15,"column":6}},"line":12},"2":{"name":"handleLogout","decl":{"start":{"line":27,"column":23},"end":{"line":31,"column":4}},"loc":{"start":{"line":27,"column":23},"end":{"line":31,"column":4}},"line":27},"3":{"name":"toggleMenu","decl":{"start":{"line":33,"column":21},"end":{"line":35,"column":4}},"loc":{"start":{"line":33,"column":21},"end":{"line":35,"column":4}},"line":33}},"f":{"0":11,"1":0,"2":1,"3":0}}
,"C:\\Users\\nasmi\\OneDrive\\Desktop\\se-2004-a\\challenges\\capstone\\arabic-vocabulary-builder-frontend\\src\\components\\InputField.jsx": {"path":"C:\\Users\\nasmi\\OneDrive\\Desktop\\se-2004-a\\challenges\\capstone\\arabic-vocabulary-builder-frontend\\src\\components\\InputField.jsx","all":false,"statementMap":{"0":{"start":{"line":1,"column":0},"end":{"line":1,"column":35}},"1":{"start":{"line":2,"column":0},"end":{"line":2,"column":0}},"2":{"start":{"line":3,"column":0},"end":{"line":3,"column":21}},"3":{"start":{"line":4,"column":0},"end":{"line":4,"column":8}},"4":{"start":{"line":5,"column":0},"end":{"line":5,"column":7}},"5":{"start":{"line":6,"column":0},"end":{"line":6,"column":7}},"6":{"start":{"line":7,"column":0},"end":{"line":7,"column":8}},"7":{"start":{"line":8,"column":0},"end":{"line":8,"column":11}},"8":{"start":{"line":9,"column":0},"end":{"line":9,"column":8}},"9":{"start":{"line":10,"column":0},"end":{"line":10,"column":14}},"10":{"start":{"line":11,"column":0},"end":{"line":11,"column":7}},"11":{"start":{"line":12,"column":0},"end":{"line":12,"column":10}},"12":{"start":{"line":13,"column":0},"end":{"line":13,"column":26}},"13":{"start":{"line":14,"column":0},"end":{"line":14,"column":80}},"14":{"start":{"line":15,"column":0},"end":{"line":15,"column":12}},"15":{"start":{"line":16,"column":0},"end":{"line":16,"column":19}},"16":{"start":{"line":17,"column":0},"end":{"line":17,"column":19}},"17":{"start":{"line":18,"column":0},"end":{"line":18,"column":21}},"18":{"start":{"line":19,"column":0},"end":{"line":19,"column":27}},"19":{"start":{"line":20,"column":0},"end":{"line":20,"column":33}},"20":{"start":{"line":21,"column":0},"end":{"line":21,"column":170}},"21":{"start":{"line":22,"column":0},"end":{"line":22,"column":8}},"22":{"start":{"line":23,"column":0},"end":{"line":23,"column":69}},"23":{"start":{"line":24,"column":0},"end":{"line":24,"column":10}},"24":{"start":{"line":25,"column":0},"end":{"line":25,"column":4}},"25":{"start":{"line":26,"column":0},"end":{"line":26,"column":2}},"26":{"start":{"line":27,"column":0},"end":{"line":27,"column":0}},"27":{"start":{"line":28,"column":0},"end":{"line":28,"column":24}},"28":{"start":{"line":29,"column":0},"end":{"line":29,"column":37}},"29":{"start":{"line":30,"column":0},"end":{"line":30,"column":36}},"30":{"start":{"line":31,"column":0},"end":{"line":31,"column":36}},"31":{"start":{"line":32,"column":0},"end":{"line":32,"column":37}},"32":{"start":{"line":33,"column":0},"end":{"line":33,"column":38}},"33":{"start":{"line":34,"column":0},"end":{"line":34,"column":26}},"34":{"start":{"line":35,"column":0},"end":{"line":35,"column":32}},"35":{"start":{"line":36,"column":0},"end":{"line":36,"column":2}},"36":{"start":{"line":37,"column":0},"end":{"line":37,"column":0}},"37":{"start":{"line":38,"column":0},"end":{"line":38,"column":26}}},"s":{"0":1,"1":1,"2":1,"3":155,"4":155,"5":155,"6":155,"7":155,"8":155,"9":155,"10":155,"11":155,"12":155,"13":155,"14":155,"15":155,"16":155,"17":155,"18":155,"19":155,"20":155,"21":155,"22":155,"23":155,"24":155,"25":155,"26":1,"27":1,"28":1,"29":1,"30":1,"31":1,"32":1,"33":1,"34":1,"35":1,"36":1,"37":1},"branchMap":{"0":{"type":"branch","line":3,"loc":{"start":{"line":3,"column":19},"end":{"line":26,"column":2}},"locations":[{"start":{"line":3,"column":19},"end":{"line":26,"column":2}}]},"1":{"type":"branch","line":23,"loc":{"start":{"line":23,"column":7},"end":{"line":23,"column":69}},"locations":[{"start":{"line":23,"column":7},"end":{"line":23,"column":69}}]}},"b":{"0":[155],"1":[13]},"fnMap":{"0":{"name":"InputField","decl":{"start":{"line":3,"column":19},"end":{"line":26,"column":2}},"loc":{"start":{"line":3,"column":19},"end":{"line":26,"column":2}},"line":3}},"f":{"0":155}}
,"C:\\Users\\nasmi\\OneDrive\\Desktop\\se-2004-a\\challenges\\capstone\\arabic-vocabulary-builder-frontend\\src\\components\\LoginForm.jsx": {"path":"C:\\Users\\nasmi\\OneDrive\\Desktop\\se-2004-a\\challenges\\capstone\\arabic-vocabulary-builder-frontend\\src\\components\\LoginForm.jsx","all":false,"statementMap":{"0":{"start":{"line":1,"column":0},"end":{"line":1,"column":33}},"1":{"start":{"line":2,"column":0},"end":{"line":2,"column":59}},"2":{"start":{"line":3,"column":0},"end":{"line":3,"column":35}},"3":{"start":{"line":4,"column":0},"end":{"line":4,"column":52}},"4":{"start":{"line":5,"column":0},"end":{"line":5,"column":38}},"5":{"start":{"line":6,"column":0},"end":{"line":6,"column":30}},"6":{"start":{"line":7,"column":0},"end":{"line":7,"column":0}},"7":{"start":{"line":8,"column":0},"end":{"line":8,"column":40}},"8":{"start":{"line":9,"column":0},"end":{"line":9,"column":72}},"9":{"start":{"line":10,"column":0},"end":{"line":10,"column":43}},"10":{"start":{"line":11,"column":0},"end":{"line":11,"column":55}},"11":{"start":{"line":12,"column":0},"end":{"line":12,"column":33}},"12":{"start":{"line":13,"column":0},"end":{"line":13,"column":33}},"13":{"start":{"line":14,"column":0},"end":{"line":14,"column":2}},"14":{"start":{"line":15,"column":0},"end":{"line":15,"column":0}},"15":{"start":{"line":16,"column":0},"end":{"line":16,"column":31}},"16":{"start":{"line":17,"column":0},"end":{"line":17,"column":66}},"17":{"start":{"line":18,"column":0},"end":{"line":18,"column":50}},"18":{"start":{"line":19,"column":0},"end":{"line":19,"column":4}},"19":{"start":{"line":20,"column":0},"end":{"line":20,"column":0}},"20":{"start":{"line":21,"column":0},"end":{"line":21,"column":26}},"21":{"start":{"line":22,"column":0},"end":{"line":22,"column":25}},"22":{"start":{"line":23,"column":0},"end":{"line":23,"column":26}},"23":{"start":{"line":24,"column":0},"end":{"line":24,"column":45}},"24":{"start":{"line":25,"column":0},"end":{"line":25,"column":54}},"25":{"start":{"line":26,"column":0},"end":{"line":26,"column":44}},"26":{"start":{"line":27,"column":0},"end":{"line":27,"column":5}},"27":{"start":{"line":28,"column":0},"end":{"line":28,"column":29}},"28":{"start":{"line":29,"column":0},"end":{"line":29,"column":51}},"29":{"start":{"line":30,"column":0},"end":{"line":30,"column":5}},"30":{"start":{"line":31,"column":0},"end":{"line":31,"column":21}},"31":{"start":{"line":32,"column":0},"end":{"line":32,"column":4}},"32":{"start":{"line":33,"column":0},"end":{"line":33,"column":0}},"33":{"start":{"line":34,"column":0},"end":{"line":34,"column":37}},"34":{"start":{"line":35,"column":0},"end":{"line":35,"column":21}},"35":{"start":{"line":36,"column":0},"end":{"line":36,"column":31}},"36":{"start":{"line":37,"column":0},"end":{"line":37,"column":42}},"37":{"start":{"line":38,"column":0},"end":{"line":38,"column":25}},"38":{"start":{"line":39,"column":0},"end":{"line":39,"column":10}},"39":{"start":{"line":40,"column":0},"end":{"line":40,"column":9}},"40":{"start":{"line":41,"column":0},"end":{"line":41,"column":32}},"41":{"start":{"line":42,"column":0},"end":{"line":42,"column":20}},"42":{"start":{"line":43,"column":0},"end":{"line":43,"column":58}},"43":{"start":{"line":44,"column":0},"end":{"line":44,"column":26}},"44":{"start":{"line":45,"column":0},"end":{"line":45,"column":22}},"45":{"start":{"line":46,"column":0},"end":{"line":46,"column":68}},"46":{"start":{"line":47,"column":0},"end":{"line":47,"column":24}},"47":{"start":{"line":48,"column":0},"end":{"line":48,"column":27}},"48":{"start":{"line":49,"column":0},"end":{"line":49,"column":15}},"49":{"start":{"line":50,"column":0},"end":{"line":50,"column":21}},"50":{"start":{"line":51,"column":0},"end":{"line":51,"column":26}},"51":{"start":{"line":52,"column":0},"end":{"line":52,"column":41}},"52":{"start":{"line":53,"column":0},"end":{"line":53,"column":5}},"53":{"start":{"line":54,"column":0},"end":{"line":54,"column":3}},"54":{"start":{"line":55,"column":0},"end":{"line":55,"column":4}},"55":{"start":{"line":56,"column":0},"end":{"line":56,"column":0}},"56":{"start":{"line":57,"column":0},"end":{"line":57,"column":10}},"57":{"start":{"line":58,"column":0},"end":{"line":58,"column":30}},"58":{"start":{"line":59,"column":0},"end":{"line":59,"column":11}},"59":{"start":{"line":60,"column":0},"end":{"line":60,"column":31}},"60":{"start":{"line":61,"column":0},"end":{"line":61,"column":70}},"61":{"start":{"line":62,"column":0},"end":{"line":62,"column":7}},"62":{"start":{"line":63,"column":0},"end":{"line":63,"column":68}},"63":{"start":{"line":64,"column":0},"end":{"line":64,"column":19}},"64":{"start":{"line":65,"column":0},"end":{"line":65,"column":23}},"65":{"start":{"line":66,"column":0},"end":{"line":66,"column":22}},"66":{"start":{"line":67,"column":0},"end":{"line":67,"column":22}},"67":{"start":{"line":68,"column":0},"end":{"line":68,"column":32}},"68":{"start":{"line":69,"column":0},"end":{"line":69,"column":33}},"69":{"start":{"line":70,"column":0},"end":{"line":70,"column":30}},"70":{"start":{"line":71,"column":0},"end":{"line":71,"column":40}},"71":{"start":{"line":72,"column":0},"end":{"line":72,"column":10}},"72":{"start":{"line":73,"column":0},"end":{"line":73,"column":19}},"73":{"start":{"line":74,"column":0},"end":{"line":74,"column":26}},"74":{"start":{"line":75,"column":0},"end":{"line":75,"column":25}},"75":{"start":{"line":76,"column":0},"end":{"line":76,"column":25}},"76":{"start":{"line":77,"column":0},"end":{"line":77,"column":35}},"77":{"start":{"line":78,"column":0},"end":{"line":78,"column":33}},"78":{"start":{"line":79,"column":0},"end":{"line":79,"column":33}},"79":{"start":{"line":80,"column":0},"end":{"line":80,"column":43}},"80":{"start":{"line":81,"column":0},"end":{"line":81,"column":10}},"81":{"start":{"line":82,"column":0},"end":{"line":82,"column":13}},"82":{"start":{"line":83,"column":0},"end":{"line":83,"column":75}},"83":{"start":{"line":84,"column":0},"end":{"line":84,"column":17}},"84":{"start":{"line":85,"column":0},"end":{"line":85,"column":19}},"85":{"start":{"line":86,"column":0},"end":{"line":86,"column":27}},"86":{"start":{"line":87,"column":0},"end":{"line":87,"column":70}},"87":{"start":{"line":88,"column":0},"end":{"line":88,"column":12}},"88":{"start":{"line":89,"column":0},"end":{"line":89,"column":28}},"89":{"start":{"line":90,"column":0},"end":{"line":90,"column":73}},"90":{"start":{"line":91,"column":0},"end":{"line":91,"column":12}},"91":{"start":{"line":92,"column":0},"end":{"line":92,"column":17}},"92":{"start":{"line":93,"column":0},"end":{"line":93,"column":25}},"93":{"start":{"line":94,"column":0},"end":{"line":94,"column":72}},"94":{"start":{"line":95,"column":0},"end":{"line":95,"column":56}},"95":{"start":{"line":96,"column":0},"end":{"line":96,"column":11}},"96":{"start":{"line":97,"column":0},"end":{"line":97,"column
[...]
1":{"start":{"line":72,"column":0},"end":{"line":72,"column":60}},"72":{"start":{"line":73,"column":0},"end":{"line":73,"column":17}},"73":{"start":{"line":74,"column":0},"end":{"line":74,"column":12}},"74":{"start":{"line":75,"column":0},"end":{"line":75,"column":73}},"75":{"start":{"line":76,"column":0},"end":{"line":76,"column":77}},"76":{"start":{"line":77,"column":0},"end":{"line":77,"column":39}},"77":{"start":{"line":78,"column":0},"end":{"line":78,"column":61}},"78":{"start":{"line":79,"column":0},"end":{"line":79,"column":56}},"79":{"start":{"line":80,"column":0},"end":{"line":80,"column":14}},"80":{"start":{"line":81,"column":0},"end":{"line":81,"column":68}},"81":{"start":{"line":82,"column":0},"end":{"line":82,"column":10}},"82":{"start":{"line":83,"column":0},"end":{"line":83,"column":24}},"83":{"start":{"line":84,"column":0},"end":{"line":84,"column":69}},"84":{"start":{"line":85,"column":0},"end":{"line":85,"column":8}},"85":{"start":{"line":86,"column":0},"end":{"line":86,"column":8}},"86":{"start":{"line":87,"column":0},"end":{"line":87,"column":71}},"87":{"start":{"line":88,"column":0},"end":{"line":88,"column":23}},"88":{"start":{"line":89,"column":0},"end":{"line":89,"column":33}},"89":{"start":{"line":90,"column":0},"end":{"line":90,"column":60}},"90":{"start":{"line":91,"column":0},"end":{"line":91,"column":7}},"91":{"start":{"line":92,"column":0},"end":{"line":92,"column":23}},"92":{"start":{"line":93,"column":0},"end":{"line":93,"column":10}},"93":{"start":{"line":94,"column":0},"end":{"line":94,"column":26}},"94":{"start":{"line":95,"column":0},"end":{"line":95,"column":63}},"95":{"start":{"line":96,"column":0},"end":{"line":96,"column":8}},"96":{"start":{"line":97,"column":0},"end":{"line":97,"column":75}},"97":{"start":{"line":98,"column":0},"end":{"line":98,"column":5}},"98":{"start":{"line":99,"column":0},"end":{"line":99,"column":72}},"99":{"start":{"line":100,"column":0},"end":{"line":100,"column":80}},"100":{"start":{"line":101,"column":0},"end":{"line":101,"column":8}},"101":{"start":{"line":102,"column":0},"end":{"line":102,"column":15}},"102":{"start":{"line":103,"column":0},"end":{"line":103,"column":24}},"103":{"start":{"line":104,"column":0},"end":{"line":104,"column":78}},"104":{"start":{"line":105,"column":0},"end":{"line":105,"column":11}},"105":{"start":{"line":106,"column":0},"end":{"line":106,"column":9}},"106":{"start":{"line":107,"column":0},"end":{"line":107,"column":15}},"107":{"start":{"line":108,"column":0},"end":{"line":108,"column":17}},"108":{"start":{"line":109,"column":0},"end":{"line":109,"column":8}},"109":{"start":{"line":110,"column":0},"end":{"line":110,"column":15}},"110":{"start":{"line":111,"column":0},"end":{"line":111,"column":24}},"111":{"start":{"line":112,"column":0},"end":{"line":112,"column":79}},"112":{"start":{"line":113,"column":0},"end":{"line":113,"column":11}},"113":{"start":{"line":114,"column":0},"end":{"line":114,"column":9}},"114":{"start":{"line":115,"column":0},"end":{"line":115,"column":17}},"115":{"start":{"line":116,"column":0},"end":{"line":116,"column":17}},"116":{"start":{"line":117,"column":0},"end":{"line":117,"column":14}},"117":{"start":{"line":118,"column":0},"end":{"line":118,"column":10}},"118":{"start":{"line":119,"column":0},"end":{"line":119,"column":4}},"119":{"start":{"line":120,"column":0},"end":{"line":120,"column":2}},"120":{"start":{"line":121,"column":0},"end":{"line":121,"column":0}},"121":{"start":{"line":122,"column":0},"end":{"line":122,"column":22}},"122":{"start":{"line":123,"column":0},"end":{"line":123,"column":38}},"123":{"start":{"line":124,"column":0},"end":{"line":124,"column":2}},"124":{"start":{"line":125,"column":0},"end":{"line":125,"column":0}},"125":{"start":{"line":126,"column":0},"end":{"line":126,"column":24}}},"s":{"0":1,"1":1,"2":1,"3":1,"4":1,"5":1,"6":1,"7":1,"8":1,"9":1,"10":17,"11":17,"12":17,"13":17,"14":17,"15":17,"16":17,"17":17,"18":7,"19":7,"20":7,"21":5,"22":7,"23":1,"24":1,"25":7,"26":7,"27":17,"28":17,"29":17,"30":4,"31":4,"32":3,"33":3,"34":3,"35":1,"36":1,"37":1,"38":1,"39":1,"40":1,"41":1,"42":1,"43":1,"44":1,"45":1,"46":1,"47":1,"48":4,"49":0,"50":0,"51":0,"52":0,"53":4,"54":17,"55":17,"56":1,"57":1,"58":16,"59":17,"60":7,"61":7,"62":9,"63":9,"64":9,"65":9,"66":9,"67":9,"68":9,"69":9,"70":9,"71":9,"72":9,"73":9,"74":9,"75":9,"76":9,"77":9,"78":9,"79":9,"80":17,"81":17,"82":17,"83":17,"84":17,"85":17,"86":17,"87":17,"88":17,"89":17,"90":17,"91":17,"92":17,"93":17,"94":1,"95":17,"96":17,"97":17,"98":17,"99":17,"100":17,"101":17,"102":17,"103":1,"104":17,"105":17,"106":17,"107":17,"108":17,"109":17,"110":17,"111":1,"112":17,"113":17,"114":17,"115":17,"116":17,"117":17,"118":17,"119":17,"120":1,"121":1,"122":1,"123":1,"124":1,"125":1},"branchMap":{"0":{"type":"branch","line":10,"loc":{"start":{"line":10,"column":17},"end":{"line":120,"column":2}},"locations":[{"start":{"line":10,"column":17},"end":{"line":120,"column":2}}]},"1":{"type":"branch","line":56,"loc":{"start":{"line":56,"column":20},"end":{"line":58,"column":3}},"locations":[{"start":{"line":56,"column":20},"end":{"line":58,"column":3}}]},"2":{"type":"branch","line":58,"loc":{"start":{"line":58,"column":2},"end":{"line":60,"column":17}},"locations":[{"start":{"line":58,"column":2},"end":{"line":60,"column":17}}]},"3":{"type":"branch","line":60,"loc":{"start":{"line":60,"column":17},"end":{"line":62,"column":3}},"locations":[{"start":{"line":60,"column":17},"end":{"line":62,"column":3}}]},"4":{"type":"branch","line":62,"loc":{"start":{"line":62,"column":2},"end":{"line":81,"column":58}},"locations":[{"start":{"line":62,"column":2},"end":{"line":81,"column":58}}]},"5":{"type":"branch","line":81,"loc":{"start":{"line":81,"column":50},"end":{"line":81,"column":64}},"locations":[{"start":{"line":81,"column":50},"end":{"line":81,"column":64}}]},"6":{"type":"branch","line":94,"loc":{"start":{"line":94,"column":7},"end":{"line":95,"column":63}},"locations":[{"start":{"line":94,"column":7},"end":{"line":95,"column":63}}]},"7":{"type":"branch","line":97,"loc":{"start":{"line":97,"column":7},"end":{"line":97,"column":75}},"locations":[{"start":{"line":97,"column":7},"end":{"line":97,"column":75}}]},"8":{"type":"branch","line":18,"loc":{"start":{"line":18,"column":12},"end":{"line":28,"column":5}},"locations":[{"start":{"line":18,"column":12},"end":{"line":28,"column":5}}]},"9":{"type":"branch","line":19,"loc":{"start":{"line":19,"column":26},"end":{"line":26,"column":6}},"locations":[{"start":{"line":19,"column":26},"end":{"line":26,"column":6}}]},"10":{"type":"branch","line":21,"loc":{"start":{"line":21,"column":46},"end":{"line":23,"column":15}},"locations":[{"start":{"line":21,"column":46},"end":{"line":23,"column":15}}]},"11":{"type":"branch","line":23,"loc":{"start":{"line":23,"column":6},"end":{"line":25,"column":7}},"locations":[{"start":{"line":23,"column":6},"end":{"line":25,"column":7}}]},"12":{"type":"branch","line":30,"loc":{"start":{"line":30,"column":29},"end":{"line":54,"column":4}},"locations":[{"start":{"line":30,"column":29},"end":{"line":54,"column":4}}]},"13":{"type":"branch","line":32,"loc":{"start":{"line":32,"column":16},"end":{"line":35,"column":5}},"locations":[{"start":{"line":32,"column":16},"end":{"line":35,"column":5}}]},"14":{"type":"branch","line":35,"loc":{"start":{"line":35,"column":4},"end":{"line":49,"column":13}},"locations":[{"start":{"line":35,"column":4},"end":{"line":49,"column":13}}]},"15":{"type":"branch","line":49,"loc":{"start":{"line":49,"column":4},"end":{"line":53,"column":5}},"locations":[{"start":{"line":49,"column":4},"end":{"line":53,"column":5}}]},"16":{"type":"branch","line":103,"loc":{"start":{"line":103,"column":19},"end":{"line":104,"column":78}},"locations":[{"start":{"line":103,"column":19},"end":{"line":104,"column":78}}]},"17":{"type":"branch","line":111,"loc":{"start":{"line":111,"column":19},"end":{"line":112,"column":79}},"locations":[{"start":{"line":111,"column":19},"end":{"line":112,"column":79}}]}},"b":{"0":[17],"1":[1],"2":[16],"3":[7],"4":[9],"5":[0],"6":[1],"7":[0],"8":[7],"9":[7],"10":[5],"11":[1],"12":[4],"13":[3],"14":[1],"15":[0],"16":[1],"17":[1]},"fnMap":{"0":{"name":"WordPage","decl":{"start":{"line":10,"column":17},"end":{"line":120,"column":2}},"loc":{"start":{"line":10,"column":17},"end":{"line":120,"column":2}},"line":10},"1":{"name":"fetchWordData","decl":{"start":{"line":19,"column":26},"end":{"line":26,"column":6}},"loc":{"start":{"line":19,"column":26},"end":{"line":26,"column":6}},"line":19},"2":{"name":"handleAddToMyWords","decl":{"start":{"line":30,"column":29},"end":{"line":54,"column":4}},"loc":{"start":{"line":30,"column":29},"end":{"line":54,"column":4}},"line":30},"3":{"name":"onClose","decl":{"start":{"line":99,"column":43},"end":{"line":99,"column":72}},"loc":{"start":{"line":99,"column":43},"end":{"line":99,"column":72}},"line":99},"4":{"name":"onClick","decl":{"start":{"line":103,"column":19},"end":{"line":104,"column":78}},"loc":{"start":{"line":103,"column":19},"end":{"line":104,"column":78}},"line":103},"5":{"name":"onClick","decl":{"start":{"line":111,"column":19},"end":{"line":112,"column":79}},"loc":{"start":{"line":111,"column":19},"end":{"line":112,"column":79}},"line":111}},"f":{"0":17,"1":7,"2":4,"3":0,"4":1,"5":1}}
,"C:\\Users\\nasmi\\OneDrive\\Desktop\\se-2004-a\\challenges\\capstone\\arabic-vocabulary-builder-frontend\\src\\services\\api.service.js": {"path":"C:\\Users\\nasmi\\OneDrive\\Desktop\\se-2004-a\\challenges\\capstone\\arabic-vocabulary-builder-frontend\\src\\services\\api.service.js","all":false,"statementMap":{"0":{"start":{"line":1,"column":0},"end":{"line":1,"column":26}},"1":{"start":{"line":2,"column":0},"end":{"line":2,"column":0}},"2":{"start":{"line":3,"column":0},"end":{"line":3,"column":45}},"3":{"start":{"line":4,"column":0},"end":{"line":4,"column":0}},"4":{"start":{"line":5,"column":0},"end":{"line":5,"column":54}},"5":{"start":{"line":6,"column":0},"end":{"line":6,"column":0}},"6":{"start":{"line":7,"column":0},"end":{"line":7,"column":49}},"7":{"start":{"line":8,"column":0},"end":{"line":8,"column":48}},"8":{"start":{"line":9,"column":0},"end":{"line":9,"column":14}},"9":{"start":{"line":10,"column":0},"end":{"line":10,"column":53}},"10":{"start":{"line":11,"column":0},"end":{"line":11,"column":3}},"11":{"start":{"line":12,"column":0},"end":{"line":12,"column":16}},"12":{"start":{"line":13,"column":0},"end":{"line":13,"column":3}},"13":{"start":{"line":14,"column":0},"end":{"line":14,"column":0}},"14":{"start":{"line":15,"column":0},"end":{"line":15,"column":43}},"15":{"start":{"line":16,"column":0},"end":{"line":16,"column":7}},"16":{"start":{"line":17,"column":0},"end":{"line":17,"column":61}},"17":{"start":{"line":18,"column":0},"end":{"line":18,"column":20}},"18":{"start":{"line":19,"column":0},"end":{"line":19,"column":19}},"19":{"start":{"line":20,"column":0},"end":{"line":20,"column":77}},"20":{"start":{"line":21,"column":0},"end":{"line":21,"column":3}},"21":{"start":{"line":22,"column":0},"end":{"line":22,"column":2}},"22":{"start":{"line":23,"column":0},"end":{"line":23,"column":0}},"23":{"start":{"line":24,"column":0},"end":{"line":24,"column":42}},"24":{"start":{"line":25,"column":0},"end":{"line":25,"column":7}},"25":{"start":{"line":26,"column":0},"end":{"line":26,"column":60}},"26":{"start":{"line":27,"column":0},"end":{"line":27,"column":33}},"27":{"start":{"line":28,"column":0},"end":{"line":28,"column":43}},"28":{"start":{"line":29,"column":0},"end":{"line":29,"column":21}},"29":{"start":{"line":30,"column":0},"end":{"line":30,"column":19}},"30":{"start":{"line":31,"column":0},"end":{"line":31,"column":75}},"31":{"start":{"line":32,"column":0},"end":{"line":32,"column":3}},"32":{"start":{"line":33,"column":0},"end":{"line":33,"column":2}},"33":{"start":{"line":34,"column":0},"end":{"line":34,"column":0}},"34":{"start":{"line":35,"column":0},"end":{"line":35,"column":47}},"35":{"start":{"line":36,"column":0},"end":{"line":36,"column":7}},"36":{"start":{"line":37,"column":0},"end":{"line":37,"column":70}},"37":{"start":{"line":38,"column":0},"end":{"line":38,"column":20}},"38":{"start":{"line":39,"column":0},"end":{"line":39,"column":19}},"39":{"start":{"line":40,"column":0},"end":{"line":40,"column":80}},"40":{"start":{"line":41,"column":0},"end":{"line":41,"column":3}},"41":{"start":{"line":42,"column":0},"end":{"line":42,"column":2}},"42":{"start":{"line":43,"column":0},"end":{"line":43,"column":0}},"43":{"start":{"line":44,"column":0},"end":{"line":44,"column":43}},"44":{"start":{"line":45,"column":0},"end":{"line":45,"column":7}},"45":{"start":{"line":46,"column":0},"end":{"line":46,"column":67}},"46":{"start":{"line":47,"column":0},"end":{"line":47,"column":20}},"47":{"start":{"line":48,"column":0},"end":{"line":48,"column":19}},"48":{"start":{"line":49,"column":0},"end":{"line":49,"column":40}},"49":{"start":{"line":50,"column":0},"end":{"line":50,"column":18}},"50":{"start":{"line":51,"column":0},"end":{"line":51,"column":5}},"51":{"start":{"line":52,"column":0},"end":{"line":52,"column":77}},"52":{"start":{"line":53,"column":0},"end":{"line":53,"column":3}},"53":{"start":{"line":54,"column":0},"end":{"line":54,"column":2}},"54":{"start":{"line":55,"column":0},"end":{"line":55,"column":0}},"55":{"start":{"line":56,"column":0},"end":{"line":56,"column":47}},"56":{"start":{"line":57,"column":0},"end":{"line":57,"column":7}},"57":{"start":{"line":58,"column":0},"end":{"line":58,"column":67}},"58":{"start":{"line":59,"column":0},"end":{"line":59,"column":20}},"59":{"start":{"line":60,"column":0},"end":{"line":60,"column":19}},"60":{"start":{"line":61,"column":0},"end":{"line":61,"column":84}},"61":{"start":{"line":62,"column":0},"end":{"line":62,"column":3}},"62":{"start":{"line":63,"column":0},"end":{"line":63,"column":2}},"63":{"start":{"line":64,"column":0},"end":{"line":64,"column":0}},"64":{"start":{"line":65,"column":0},"end":{"line":65,"column":45}},"65":{"start":{"line":66,"column":0},"end":{"line":66,"column":7}},"66":{"start":{"line":67,"column":0},"end":{"line":67,"column":63}},"67":{"start":{"line":68,"column":0},"end":{"line":68,"column":20}},"68":{"start":{"line":69,"column":0},"end":{"line":69,"column":19}},"69":{"start":{"line":70,"column":0},"end":{"line":70,"column":74}},"70":{"start":{"line":71,"column":0},"end":{"line":71,"column":3}},"71":{"start":{"line":72,"column":0},"end":{"line":72,"column":2}},"72":{"start":{"line":73,"column":0},"end":{"line":73,"column":0}},"73":{"start":{"line":74,"column":0},"end":{"line":74,"column":43}},"74":{"start":{"line":75,"column":0},"end":{"line":75,"column":7}},"75":{"start":{"line":76,"column":0},"end":{"line":76,"column":65}},"76":{"start":{"line":77,"column":0},"end":{"line":77,"column":20}},"77":{"start":{"line":78,"column":0},"end":{"line":78,"column":19}},"78":{"start":{"line":79,"column":0},"end":{"line":79,"column":76}},"79":{"start":{"line":80,"column":0},"end":{"line":80,"column":3}},"80":{"start":{"line":81,"column":0},"end":{"line":81,"column":2}},"81":{"start":{"line":82,"column":0},"end":{"line":82,"column":0}},"82":{"start":{"line":83,"column":0},"end":{"line":83,"column":42}},"83":{"start":{"line":84,"column":0},"end":{"line":84,"column":7}},"84":{"start":{"line":85,"column":0},"end":{"line":85,"column":56}},"85":{"start":{"line":86,"column":0},"end":{"line":86,"column":20}},"86":{"start":{"line":87,"column":0},"end":{"line":87,"column":19}},"87":{"start":{"line":88,"column":0},"end":{"line":88,"column":20}},"88":{"start":{"line":89,"column":0},"end":{"line":89,"column":67}},"89":{"start":{"line":90,"column":0},"end":{"line":90,"column":6}},"90":{"start":{"line":91,"column":0},"end":{"line":91,"column":3}},"91":{"start":{"line":92,"column":0},"end":{"line":92,"column":2}},"92":{"start":{"line":93,"column":0},"end":{"line":93,"column":0}},"93":{"start":{"line":94,"column":0},"end":{"line":94,"column":52}},"94":{"start":{"line":95,"column":0},"end":{"line":95,"column":7}},"95":{"start":{"line":96,"column":0},"end":{"line":96,"column":75}},"96":{"start":{"line":97,"column":0},"end":{"line":97,"column":20}},"97":{"start":{"line":98,"column":0},"end":{"line":98,"column":19}},"98":{"start":{"line":99,"column":0},"end":{"line":99,"column":20}},"99":{"start":{"line":100,"column":0},"end":{"line":100,"column":68}},"100":{"start":{"line":101,"column":0},"end":{"line":101,"column":6}},"101":{"start":{"line":102,"column":0},"end":{"line":102,"column":3}},"102":{"start":{"line":103,"column":0},"end":{"line":103,"column":2}},"103":{"start":{"line":104,"column":0},"end":{"line":104,"column":0}},"104":{"start":{"line":105,"column":0},"end":{"line":105,"column":57}},"105":{"start":{"line":106,"column":0},"end":{"line":106,"column":7}},"106":{"start":{"line":107,"column":0},"end":{"line":107,"column":62}},"107":{"start":{"line":108,"column":0},"end":{"line":108,"column":31}},"108":{"start":{"line":109,"column":0},"end":{"line":109,"column":7}},"109":{"start":{"line":110,"column":0},"end":{"line":110,"column":20}},"110":{"start":{"line":111,"column":0},"end":{"line":111,"column":19}},"111":{"start":{"line":112,"column":0},"end":{"line":112,"column":80}},"112":{"start":{"line":113,"column":0},"end":{"line":113,"column":3}},"113":{"start":{"line":114,"column":0},"end":{"line":114,"column":2}}},"s":{"0":1,"1":1,"2":1,"3":1,"4":1,"5":1,"6":1,"7":0,"8":0,"9":0,"10":0,"11":0,"12":1,"13":1,"14":1,"15":0,"16":0,"17":0,"18":0,"19":0,"20":0,"21":0,"22":1,"23":1,"24":0,"25":0,"26":0,"27":0,"28":0,"29":0,"30":0,"31":0,"32":0,"33":1,"34":1,"35":0,"36":0,"37":0,"38":0,"39":0,"40":0,"41":0,"42":1,"43":1,"44":0,"45":0,"46":0,"47":0,"48":0,"49":0,"50":0,"51":0,"52":0,"53":0,"54":1,"55":1,"56":0,"57":0,"58":0,"59":0,"60":0,"61":0,"62":0,"63":1,"64":1,"65":0,"66":0,"67":0,"68":0,"69":0,"70":0,"71":0,"72":1,"73":1,"74":0,"75":0,"76":0,"77":0,"78":0,"79":0,"80":0,"81":1,"82":1,"83":0,"84":0,"85":0,"86":0,"87":0,"88":0,"89":0,"90":0,"91":0,"92":1,"93":1,"94":0,"95":0,"96":0,"97":0,"98":0,"99":0,"100":0,"101":0,"102":0,"103":1,"104":1,"105":0,"106":0,"107":0,"108":0,"109":0,"110":0,"111":0,"112":0,"113":0},"branchMap":{},"b":{},"fnMap":{"0":{"name":"signUpUser","decl":{"start":{"line":15,"column":26},"end":{"line":22,"column":2}},"loc":{"start":{"line":15,"column":26},"end":{"line":22,"column":2}},"line":15},"1":{"name":"loginUser","decl":{"start":{"line":24,"column":25},"end":{"line":33,"column":2}},"loc":{"start":{"line":24,"column":25},"end":{"line":33,"column":2}},"line":24},"2":{"name":"changePassword","decl":{"start":{"line":35,"column":30},"end":{"line":42,"column":2}},"loc":{"start":{"line":35,"column":30},"end":{"line":42,"column":2}},"line":35},"3":{"name":"searchWord","decl":{"start":{"line":44,"column":26},"end":{"line":54,"column":2}},"loc":{"start":{"line":44,"column":26},"end":{"line":54,"column":2}},"line":44},"4":{"name":"getWordDetails","decl":{"start":{"line":56,"column":30},"end":{"line":63,"column":2}},"loc":{"start":{"line":56,"column":30},"end":{"line":63,"column":2}},"line":56},"5":{"name":"saveWord","decl":{"start":{"line":65,"column":24},"end":{"line":72,"column":2}},"loc":{"start":{"line":65,"column":24},"end":{"line":72,"column":2}},"line":65},"6":{"name":"deleteWord","decl":{"start":{"line":74,"column":26},"end":{"line":81,"column":2}},"loc":{"start":{"line":74,"column":26},"end":{"line":81,"column":2}},"line":74},"7":{"name":"getSavedWords","decl":{"start":{"line":83,"column":29},"end":{"line":92,"column":2}},"loc":{"start":{"line":83,"column":29},"end":{"line":92,"column":2}},"line":83},"8":{"name":"getRandomWords","decl":{"start":{"line":94,"column":30},"end":{"line":103,"column":2}},"loc":{"start":{"line":94,"column":30},"end":{"line":103,"column":2}},"line":94},"9":{"name":"saveTestScore","decl":{"start":{"line":105,"column":29},"end":{"line":114,"column":2}},"loc":{"start":{"line":105,"column":29},"end":{"line":114,"column":2}},"line":105}},"f":{"0":0,"1":0,"2":0,"3":0,"4":0,"5":0,"6":0,"7":0,"8":0,"9":0}}
}
